# JRE version: OpenJDK Runtime Environment Temurin-21.0.8+9 (21.0.8+9) (build 21.0.8+9-LTS)
# Java VM: OpenJDK 64-Bit Server VM Temurin-21.0.8+9 (21.0.8+9-LTS, mixed mode, sharing, tiered, compressed oops, compressed class ptrs, parallel gc, windows-amd64)
GC Precious Log:
 CardTable entry size: 512
 CPUs: 16 total, 16 available
 Memory: 5989M
 Large Page Support: Disabled
 NUMA Support: Disabled
 Compressed Oops: Enabled (32-bit)
 Alignments: Space 512K, Generation 512K, Heap 2M
 Heap Min Capacity: 100M
 Heap Initial Capacity: 100M
 Heap Max Capacity: 2G
 Pre-touch: Disabled
 Parallel Workers: 13
Heap:
 PSYoungGen      total 3584K, used 1924K [0x00000000d5580000, 0x00000000d5b00000, 0x0000000100000000)
  eden space 3072K, 53% used [0x00000000d5580000,0x00000000d5719160,0x00000000d5880000)
  from space 512K, 56% used [0x00000000d5a80000,0x00000000d5ac8000,0x00000000d5b00000)
  to   space 512K, 0% used [0x00000000d5a00000,0x00000000d5a00000,0x00000000d5a80000)
 ParOldGen       total 303104K, used 302601K [0x0000000080000000, 0x0000000092800000, 0x00000000d5580000)
  object space 303104K, 99% used [0x0000000080000000,0x0000000092782438,0x0000000092800000)
 Metaspace       used 83396K, committed 84928K, reserved 1179648K
  class space    used 8598K, committed 9280K, reserved 1048576K
GC Heap History (20 events):
Event: 2750.853 GC heap before
{Heap before GC invocations=701 (full 4):
 PSYoungGen      total 3584K, used 3557K [0x00000000d5580000, 0x00000000d6400000, 0x0000000100000000)
  eden space 3072K, 99% used [0x00000000d5580000,0x00000000d587ff98,0x00000000d5880000)
  from space 512K, 94% used [0x00000000d5d80000,0x00000000d5df97c8,0x00000000d5e00000)
  to   space 5120K, 0% used [0x00000000d5880000,0x00000000d5880000,0x00000000d5d80000)
 ParOldGen       total 301056K, used 300756K [0x0000000080000000, 0x0000000092600000, 0x00000000d5580000)
  object space 301056K, 99% used [0x0000000080000000,0x00000000925b5110,0x0000000092600000)
 Metaspace       used 83363K, committed 84928K, reserved 1179648K
  class space    used 8598K, committed 9280K, reserved 1048576K
}
Event: 2750.856 GC heap after
{Heap after GC invocations=701 (full 4):
 PSYoungGen      total 5632K, used 2155K [0x00000000d5580000, 0x00000000d5e80000, 0x0000000100000000)
  eden space 3072K, 0% used [0x00000000d5580000,0x00000000d5580000,0x00000000d5880000)
  from space 2560K, 84% used [0x00000000d5880000,0x00000000d5a9af90,0x00000000d5b00000)
  to   space 3072K, 0% used [0x00000000d5b80000,0x00000000d5b80000,0x00000000d5e80000)
 ParOldGen       total 301056K, used 300820K [0x0000000080000000, 0x0000000092600000, 0x00000000d5580000)
  object space 301056K, 99% used [0x0000000080000000,0x00000000925c5110,0x0000000092600000)
 Metaspace       used 83363K, committed 84928K, reserved 1179648K
  class space    used 8598K, committed 9280K, reserved 1048576K
}
Event: 2751.248 GC heap before
{Heap before GC invocations=702 (full 4):
 PSYoungGen      total 5632K, used 5227K [0x00000000d5580000, 0x00000000d5e80000, 0x0000000100000000)
  eden space 3072K, 100% used [0x00000000d5580000,0x00000000d5880000,0x00000000d5880000)
  from space 2560K, 84% used [0x00000000d5880000,0x00000000d5a9af90,0x00000000d5b00000)
  to   space 3072K, 0% used [0x00000000d5b80000,0x00000000d5b80000,0x00000000d5e80000)
 ParOldGen       total 301056K, used 300820K [0x0000000080000000, 0x0000000092600000, 0x00000000d5580000)
  object space 301056K, 99% used [0x0000000080000000,0x00000000925c5110,0x0000000092600000)
 Metaspace       used 83363K, committed 84928K, reserved 1179648K
  class space    used 8598K, committed 9280K, reserved 1048576K
}
Event: 2751.251 GC heap after
{Heap after GC invocations=702 (full 4):
 PSYoungGen      total 3584K, used 352K [0x00000000d5580000, 0x00000000d5c00000, 0x0000000100000000)
  eden space 3072K, 0% used [0x00000000d5580000,0x00000000d5580000,0x00000000d5880000)
  from space 512K, 68% used [0x00000000d5b80000,0x00000000d5bd8000,0x00000000d5c00000)
  to   space 1536K, 0% used [0x00000000d5900000,0x00000000d5900000,0x00000000d5a80000)
 ParOldGen       total 301056K, used 300900K [0x0000000080000000, 0x0000000092600000, 0x00000000d5580000)
  object space 301056K, 99% used [0x0000000080000000,0x00000000925d9110,0x0000000092600000)
 Metaspace       used 83363K, committed 84928K, reserved 1179648K
  class space    used 8598K, committed 9280K, reserved 1048576K
}
Event: 2751.573 GC heap before
{Heap before GC invocations=703 (full 4):
 PSYoungGen      total 3584K, used 3424K [0x00000000d5580000, 0x00000000d5c00000, 0x0000000100000000)
  eden space 3072K, 100% used [0x00000000d5580000,0x00000000d5880000,0x00000000d5880000)
  from space 512K, 68% used [0x00000000d5b80000,0x00000000d5bd8000,0x00000000d5c00000)
  to   space 1536K, 0% used [0x00000000d5900000,0x00000000d5900000,0x00000000d5a80000)
 ParOldGen       total 301056K, used 300900K [0x0000000080000000, 0x0000000092600000, 0x00000000d5580000)
  object space 301056K, 99% used [0x0000000080000000,0x00000000925d9110,0x0000000092600000)
 Metaspace       used 83372K, committed 84928K, reserved 1179648K
  class space    used 8598K, committed 9280K, reserved 1048576K
}
Event: 2751.576 GC heap after
{Heap after GC invocations=703 (full 4):
 PSYoungGen      total 4608K, used 704K [0x00000000d5580000, 0x00000000d5c00000, 0x0000000100000000)
  eden space 3072K, 0% used [0x00000000d5580000,0x00000000d5580000,0x00000000d5880000)
  from space 1536K, 45% used [0x00000000d5900000,0x00000000d59b0000,0x00000000d5a80000)
  to   space 1024K, 0% used [0x00000000d5b00000,0x00000000d5b00000,0x00000000d5c00000)
 ParOldGen       total 301056K, used 300948K [0x0000000080000000, 0x0000000092600000, 0x00000000d5580000)
  object space 301056K, 99% used [0x0000000080000000,0x00000000925e5110,0x0000000092600000)
 Metaspace       used 83372K, committed 84928K, reserved 1179648K
  class space    used 8598K, committed 9280K, reserved 1048576K
}
Event: 2751.606 GC heap before
{Heap before GC invocations=704 (full 4):
 PSYoungGen      total 4608K, used 3776K [0x00000000d5580000, 0x00000000d5c00000, 0x0000000100000000)
  eden space 3072K, 100% used [0x00000000d5580000,0x00000000d5880000,0x00000000d5880000)
  from space 1536K, 45% used [0x00000000d5900000,0x00000000d59b0000,0x00000000d5a80000)
  to   space 1024K, 0% used [0x00000000d5b00000,0x00000000d5b00000,0x00000000d5c00000)
 ParOldGen       total 301056K, used 300948K [0x0000000080000000, 0x0000000092600000, 0x00000000d5580000)
  object space 301056K, 99% used [0x0000000080000000,0x00000000925e5110,0x0000000092600000)
 Metaspace       used 83377K, committed 84928K, reserved 1179648K
  class space    used 8598K, committed 9280K, reserved 1048576K
}
Event: 2751.609 GC heap after
{Heap after GC invocations=704 (full 4):
 PSYoungGen      total 4096K, used 1010K [0x00000000d5580000, 0x00000000d5c80000, 0x0000000100000000)
  eden space 3072K, 0% used [0x00000000d5580000,0x00000000d5580000,0x00000000d5880000)
  from space 1024K, 98% used [0x00000000d5b00000,0x00000000d5bfcb28,0x00000000d5c00000)
  to   space 2048K, 0% used [0x00000000d5880000,0x00000000d5880000,0x00000000d5a80000)
 ParOldGen       total 302080K, used 301612K [0x0000000080000000, 0x0000000092700000, 0x00000000d5580000)
  object space 302080K, 99% used [0x0000000080000000,0x000000009268b180,0x0000000092700000)
 Metaspace       used 83377K, committed 84928K, reserved 1179648K
  class space    used 8598K, committed 9280K, reserved 1048576K
}
Event: 2753.799 GC heap before
{Heap before GC invocations=705 (full 4):
 PSYoungGen      total 4096K, used 4082K [0x00000000d5580000, 0x00000000d5c80000, 0x0000000100000000)
  eden space 3072K, 99% used [0x00000000d5580000,0x00000000d587fff0,0x00000000d5880000)
  from space 1024K, 98% used [0x00000000d5b00000,0x00000000d5bfcb28,0x00000000d5c00000)
  to   space 2048K, 0% used [0x00000000d5880000,0x00000000d5880000,0x00000000d5a80000)
 ParOldGen       total 302080K, used 301612K [0x0000000080000000, 0x0000000092700000, 0x00000000d5580000)
  object space 302080K, 99% used [0x0000000080000000,0x000000009268b180,0x0000000092700000)
 Metaspace       used 83395K, committed 84928K, reserved 1179648K
  class space    used 8598K, committed 9280K, reserved 1048576K
}
Event: 2753.801 GC heap after
{Heap after GC invocations=705 (full 4):
 PSYoungGen      total 5120K, used 320K [0x00000000d5580000, 0x00000000d5b80000, 0x0000000100000000)
  eden space 3072K, 0% used [0x00000000d5580000,0x00000000d5580000,0x00000000d5880000)
  from space 2048K, 15% used [0x00000000d5880000,0x00000000d58d0000,0x00000000d5a80000)
  to   space 1024K, 0% used [0x00000000d5a80000,0x00000000d5a80000,0x00000000d5b80000)
 ParOldGen       total 302592K, used 302521K [0x0000000080000000, 0x0000000092780000, 0x00000000d5580000)
  object space 302592K, 99% used [0x0000000080000000,0x000000009276e438,0x0000000092780000)
 Metaspace       used 83395K, committed 84928K, reserved 1179648K
  class space    used 8598K, committed 9280K, reserved 1048576K
}
Event: 2754.099 GC heap before
{Heap before GC invocations=706 (full 4):
 PSYoungGen      total 5120K, used 3392K [0x00000000d5580000, 0x00000000d5b80000, 0x0000000100000000)
  eden space 3072K, 100% used [0x00000000d5580000,0x00000000d5880000,0x00000000d5880000)
  from space 2048K, 15% used [0x00000000d5880000,0x00000000d58d0000,0x00000000d5a80000)
  to   space 1024K, 0% used [0x00000000d5a80000,0x00000000d5a80000,0x00000000d5b80000)
 ParOldGen       total 302592K, used 302521K [0x0000000080000000, 0x0000000092780000, 0x00000000d5580000)
  object space 302592K, 99% used [0x0000000080000000,0x000000009276e438,0x0000000092780000)
 Metaspace       used 83395K, committed 84928K, reserved 1179648K
  class space    used 8598K, committed 9280K, reserved 1048576K
}
Event: 2754.101 GC heap after
{Heap after GC invocations=706 (full 4):
 PSYoungGen      total 3584K, used 192K [0x00000000d5580000, 0x00000000d5b00000, 0x0000000100000000)
  eden space 3072K, 0% used [0x00000000d5580000,0x00000000d5580000,0x00000000d5880000)
  from space 512K, 37% used [0x00000000d5a80000,0x00000000d5ab0000,0x00000000d5b00000)
  to   space 512K, 0% used [0x00000000d5a00000,0x00000000d5a00000,0x00000000d5a80000)
 ParOldGen       total 303104K, used 302601K [0x0000000080000000, 0x0000000092800000, 0x00000000d5580000)
  object space 303104K, 99% used [0x0000000080000000,0x0000000092782438,0x0000000092800000)
 Metaspace       used 83395K, committed 84928K, reserved 1179648K
  class space    used 8598K, committed 9280K, reserved 1048576K
}
Event: 2754.607 GC heap before
{Heap before GC invocations=707 (full 4):
 PSYoungGen      total 3584K, used 3264K [0x00000000d5580000, 0x00000000d5b00000, 0x0000000100000000)
  eden space 3072K, 100% used [0x00000000d5580000,0x00000000d5880000,0x00000000d5880000)
  from space 512K, 37% used [0x00000000d5a80000,0x00000000d5ab0000,0x00000000d5b00000)
  to   space 512K, 0% used [0x00000000d5a00000,0x00000000d5a00000,0x00000000d5a80000)
 ParOldGen       total 303104K, used 302601K [0x0000000080000000, 0x0000000092800000, 0x00000000d5580000)
  object space 303104K, 99% used [0x0000000080000000,0x0000000092782438,0x0000000092800000)
 Metaspace       used 83395K, committed 84928K, reserved 1179648K
  class space    used 8598K, committed 9280K, reserved 1048576K
}
Event: 2754.609 GC heap after
{Heap after GC invocations=707 (full 4):
 PSYoungGen      total 3584K, used 256K [0x00000000d5580000, 0x00000000d5b00000, 0x0000000100000000)
  eden space 3072K, 0% used [0x00000000d5580000,0x00000000d5580000,0x00000000d5880000)
  from space 512K, 50% used [0x00000000d5a00000,0x00000000d5a40000,0x00000000d5a80000)
  to   space 512K, 0% used [0x00000000d5a80000,0x00000000d5a80000,0x00000000d5b00000)
 ParOldGen       total 303104K, used 302601K [0x0000000080000000, 0x0000000092800000, 0x00000000d5580000)
  object space 303104K, 99% used [0x0000000080000000,0x0000000092782438,0x0000000092800000)
 Metaspace       used 83395K, committed 84928K, reserved 1179648K
  class space    used 8598K, committed 9280K, reserved 1048576K
}
Event: 2755.682 GC heap before
{Heap before GC invocations=708 (full 4):
 PSYoungGen      total 3584K, used 3328K [0x00000000d5580000, 0x00000000d5b00000, 0x0000000100000000)
  eden space 3072K, 100% used [0x00000000d5580000,0x00000000d5880000,0x00000000d5880000)
  from space 512K, 50% used [0x00000000d5a00000,0x00000000d5a40000,0x00000000d5a80000)
  to   space 512K, 0% used [0x00000000d5a80000,0x00000000d5a80000,0x00000000d5b00000)
 ParOldGen       total 303104K, used 302601K [0x0000000080000000, 0x0000000092800000, 0x00000000d5580000)
  object space 303104K, 99% used [0x0000000080000000,0x0000000092782438,0x0000000092800000)
 Metaspace       used 83395K, committed 84928K, reserved 1179648K
  class space    used 8598K, committed 9280K, reserved 1048576K
}
Event: 2755.684 GC heap after
{Heap after GC invocations=708 (full 4):
 PSYoungGen      total 3584K, used 288K [0x00000000d5580000, 0x00000000d5b00000, 0x0000000100000000)
  eden space 3072K, 0% used [0x00000000d5580000,0x00000000d5580000,0x00000000d5880000)
  from space 512K, 56% used [0x00000000d5a80000,0x00000000d5ac8000,0x00000000d5b00000)
  to   space 512K, 0% used [0x00000000d5a00000,0x00000000d5a00000,0x00000000d5a80000)
 ParOldGen       total 303104K, used 302601K [0x0000000080000000, 0x0000000092800000, 0x00000000d5580000)
  object space 303104K, 99% used [0x0000000080000000,0x0000000092782438,0x0000000092800000)
 Metaspace       used 83395K, committed 84928K, reserved 1179648K
  class space    used 8598K, committed 9280K, reserved 1048576K
}
Event: 2756.116 GC heap before
{Heap before GC invocations=709 (full 4):
 PSYoungGen      total 3584K, used 3360K [0x00000000d5580000, 0x00000000d5b00000, 0x0000000100000000)
  eden space 3072K, 100% used [0x00000000d5580000,0x00000000d5880000,0x00000000d5880000)
  from space 512K, 56% used [0x00000000d5a80000,0x00000000d5ac8000,0x00000000d5b00000)
  to   space 512K, 0% used [0x00000000d5a00000,0x00000000d5a00000,0x00000000d5a80000)
 ParOldGen       total 303104K, used 302601K [0x0000000080000000, 0x0000000092800000, 0x00000000d5580000)
  object space 303104K, 99% used [0x0000000080000000,0x0000000092782438,0x0000000092800000)
 Metaspace       used 83395K, committed 84928K, reserved 1179648K
  class space    used 8598K, committed 9280K, reserved 1048576K
}
Event: 2756.118 GC heap after
{Heap after GC invocations=709 (full 4):
 PSYoungGen      total 3584K, used 192K [0x00000000d5580000, 0x00000000d5b00000, 0x0000000100000000)
  eden space 3072K, 0% used [0x00000000d5580000,0x00000000d5580000,0x00000000d5880000)
  from space 512K, 37% used [0x00000000d5a00000,0x00000000d5a30000,0x00000000d5a80000)
  to   space 512K, 0% used [0x00000000d5a80000,0x00000000d5a80000,0x00000000d5b00000)
 ParOldGen       total 303104K, used 302601K [0x0000000080000000, 0x0000000092800000, 0x00000000d5580000)
  object space 303104K, 99% used [0x0000000080000000,0x0000000092782438,0x0000000092800000)
 Metaspace       used 83395K, committed 84928K, reserved 1179648K
  class space    used 8598K, committed 9280K, reserved 1048576K
}
Event: 2788.423 GC heap before
{Heap before GC invocations=710 (full 4):
 PSYoungGen      total 3584K, used 3264K [0x00000000d5580000, 0x00000000d5b00000, 0x0000000100000000)
  eden space 3072K, 100% used [0x00000000d5580000,0x00000000d5880000,0x00000000d5880000)
  from space 512K, 37% used [0x00000000d5a00000,0x00000000d5a30000,0x00000000d5a80000)
  to   space 512K, 0% used [0x00000000d5a80000,0x00000000d5a80000,0x00000000d5b00000)
 ParOldGen       total 303104K, used 302601K [0x0000000080000000, 0x0000000092800000, 0x00000000d5580000)
  object space 303104K, 99% used [0x0000000080000000,0x0000000092782438,0x0000000092800000)
 Metaspace       used 83396K, committed 84928K, reserved 1179648K
  class space    used 8598K, committed 9280K, reserved 1048576K
}
Event: 2788.496 GC heap after
{Heap after GC invocations=710 (full 4):
 PSYoungGen      total 3584K, used 288K [0x00000000d5580000, 0x00000000d5b00000, 0x0000000100000000)
  eden space 3072K, 0% used [0x00000000d5580000,0x00000000d5580000,0x00000000d5880000)
  from space 512K, 56% used [0x00000000d5a80000,0x00000000d5ac8000,0x00000000d5b00000)
  to   space 512K, 0% used [0x00000000d5a00000,0x00000000d5a00000,0x00000000d5a80000)
 ParOldGen       total 303104K, used 302601K [0x0000000080000000, 0x0000000092800000, 0x00000000d5580000)
  object space 303104K, 99% used [0x0000000080000000,0x0000000092782438,0x0000000092800000)
 Metaspace       used 83396K, committed 84928K, reserved 1179648K
  class space    used 8598K, committed 9280K, reserved 1048576K
}

