# JRE version: OpenJDK Runtime Environment Temurin-21.0.8+9 (21.0.8+9) (build 21.0.8+9-LTS)
# Java VM: OpenJDK 64-Bit Server VM Temurin-21.0.8+9 (21.0.8+9-LTS, mixed mode, sharing, tiered, compressed oops, compressed class ptrs, parallel gc, windows-amd64)
GC Precious Log:
 CardTable entry size: 512
 CPUs: 16 total, 16 available
 Memory: 5989M
 Large Page Support: Disabled
 NUMA Support: Disabled
 Compressed Oops: Enabled (32-bit)
 Alignments: Space 512K, Generation 512K, Heap 2M
 Heap Min Capacity: 100M
 Heap Initial Capacity: 100M
 Heap Max Capacity: 2G
 Pre-touch: Disabled
 Parallel Workers: 13
Heap:
 PSYoungGen      total 18944K, used 13267K [0x00000000d5580000, 0x00000000d6a80000, 0x0000000100000000)
  eden space 17408K, 68% used [0x00000000d5580000,0x00000000d6114c40,0x00000000d6680000)
  from space 1536K, 91% used [0x00000000d6900000,0x00000000d6a60000,0x00000000d6a80000)
  to   space 1536K, 0% used [0x00000000d6780000,0x00000000d6780000,0x00000000d6900000)
 ParOldGen       total 68608K, used 49564K [0x0000000080000000, 0x0000000084300000, 0x00000000d5580000)
  object space 68608K, 72% used [0x0000000080000000,0x00000000830671b0,0x0000000084300000)
 Metaspace       used 65056K, committed 66560K, reserved 1114112K
  class space    used 7036K, committed 7680K, reserved 1048576K
GC Heap History (20 events):
Event: 29.421 GC heap before
{Heap before GC invocations=34 (full 2):
 PSYoungGen      total 19968K, used 9309K [0x00000000d5580000, 0x00000000d6b00000, 0x0000000100000000)
  eden space 18432K, 44% used [0x00000000d5580000,0x00000000d5d7e488,0x00000000d6780000)
  from space 1536K, 73% used [0x00000000d6800000,0x00000000d6919328,0x00000000d6980000)
  to   space 1536K, 0% used [0x00000000d6980000,0x00000000d6980000,0x00000000d6b00000)
 ParOldGen       total 68608K, used 43693K [0x0000000080000000, 0x0000000084300000, 0x00000000d5580000)
  object space 68608K, 63% used [0x0000000080000000,0x0000000082aab678,0x0000000084300000)
 Metaspace       used 58445K, committed 59776K, reserved 1114112K
  class space    used 6367K, committed 6976K, reserved 1048576K
}
Event: 29.426 GC heap after
{Heap after GC invocations=34 (full 2):
 PSYoungGen      total 18944K, used 1510K [0x00000000d5580000, 0x00000000d6d80000, 0x0000000100000000)
  eden space 17408K, 0% used [0x00000000d5580000,0x00000000d5580000,0x00000000d6680000)
  from space 1536K, 98% used [0x00000000d6980000,0x00000000d6af9ab0,0x00000000d6b00000)
  to   space 3072K, 0% used [0x00000000d6680000,0x00000000d6680000,0x00000000d6980000)
 ParOldGen       total 68608K, used 44691K [0x0000000080000000, 0x0000000084300000, 0x00000000d5580000)
  object space 68608K, 65% used [0x0000000080000000,0x0000000082ba4c90,0x0000000084300000)
 Metaspace       used 58445K, committed 59776K, reserved 1114112K
  class space    used 6367K, committed 6976K, reserved 1048576K
}
Event: 29.426 GC heap before
{Heap before GC invocations=35 (full 3):
 PSYoungGen      total 18944K, used 1510K [0x00000000d5580000, 0x00000000d6d80000, 0x0000000100000000)
  eden space 17408K, 0% used [0x00000000d5580000,0x00000000d5580000,0x00000000d6680000)
  from space 1536K, 98% used [0x00000000d6980000,0x00000000d6af9ab0,0x00000000d6b00000)
  to   space 3072K, 0% used [0x00000000d6680000,0x00000000d6680000,0x00000000d6980000)
 ParOldGen       total 68608K, used 44691K [0x0000000080000000, 0x0000000084300000, 0x00000000d5580000)
  object space 68608K, 65% used [0x0000000080000000,0x0000000082ba4c90,0x0000000084300000)
 Metaspace       used 58445K, committed 59776K, reserved 1114112K
  class space    used 6367K, committed 6976K, reserved 1048576K
}
Event: 29.530 GC heap after
{Heap after GC invocations=35 (full 3):
 PSYoungGen      total 18944K, used 0K [0x00000000d5580000, 0x00000000d6d80000, 0x0000000100000000)
  eden space 17408K, 0% used [0x00000000d5580000,0x00000000d5580000,0x00000000d6680000)
  from space 1536K, 0% used [0x00000000d6980000,0x00000000d6980000,0x00000000d6b00000)
  to   space 3072K, 0% used [0x00000000d6680000,0x00000000d6680000,0x00000000d6980000)
 ParOldGen       total 68608K, used 40654K [0x0000000080000000, 0x0000000084300000, 0x00000000d5580000)
  object space 68608K, 59% used [0x0000000080000000,0x00000000827b3818,0x0000000084300000)
 Metaspace       used 58445K, committed 59776K, reserved 1114112K
  class space    used 6367K, committed 6976K, reserved 1048576K
}
Event: 29.747 GC heap before
{Heap before GC invocations=36 (full 3):
 PSYoungGen      total 18944K, used 17408K [0x00000000d5580000, 0x00000000d6d80000, 0x0000000100000000)
  eden space 17408K, 100% used [0x00000000d5580000,0x00000000d6680000,0x00000000d6680000)
  from space 1536K, 0% used [0x00000000d6980000,0x00000000d6980000,0x00000000d6b00000)
  to   space 3072K, 0% used [0x00000000d6680000,0x00000000d6680000,0x00000000d6980000)
 ParOldGen       total 68608K, used 40654K [0x0000000080000000, 0x0000000084300000, 0x00000000d5580000)
  object space 68608K, 59% used [0x0000000080000000,0x00000000827b3818,0x0000000084300000)
 Metaspace       used 59398K, committed 60736K, reserved 1114112K
  class space    used 6479K, committed 7040K, reserved 1048576K
}
Event: 29.751 GC heap after
{Heap after GC invocations=36 (full 3):
 PSYoungGen      total 19456K, used 1992K [0x00000000d5580000, 0x00000000d6b80000, 0x0000000100000000)
  eden space 17408K, 0% used [0x00000000d5580000,0x00000000d5580000,0x00000000d6680000)
  from space 2048K, 97% used [0x00000000d6680000,0x00000000d6872020,0x00000000d6880000)
  to   space 2560K, 0% used [0x00000000d6900000,0x00000000d6900000,0x00000000d6b80000)
 ParOldGen       total 68608K, used 40662K [0x0000000080000000, 0x0000000084300000, 0x00000000d5580000)
  object space 68608K, 59% used [0x0000000080000000,0x00000000827b5818,0x0000000084300000)
 Metaspace       used 59398K, committed 60736K, reserved 1114112K
  class space    used 6479K, committed 7040K, reserved 1048576K
}
Event: 29.860 GC heap before
{Heap before GC invocations=37 (full 3):
 PSYoungGen      total 19456K, used 19400K [0x00000000d5580000, 0x00000000d6b80000, 0x0000000100000000)
  eden space 17408K, 100% used [0x00000000d5580000,0x00000000d6680000,0x00000000d6680000)
  from space 2048K, 97% used [0x00000000d6680000,0x00000000d6872020,0x00000000d6880000)
  to   space 2560K, 0% used [0x00000000d6900000,0x00000000d6900000,0x00000000d6b80000)
 ParOldGen       total 68608K, used 40662K [0x0000000080000000, 0x0000000084300000, 0x00000000d5580000)
  object space 68608K, 59% used [0x0000000080000000,0x00000000827b5818,0x0000000084300000)
 Metaspace       used 59748K, committed 61120K, reserved 1114112K
  class space    used 6519K, committed 7104K, reserved 1048576K
}
Event: 29.865 GC heap after
{Heap after GC invocations=37 (full 3):
 PSYoungGen      total 18432K, used 569K [0x00000000d5580000, 0x00000000d6a00000, 0x0000000100000000)
  eden space 17408K, 0% used [0x00000000d5580000,0x00000000d5580000,0x00000000d6680000)
  from space 1024K, 55% used [0x00000000d6900000,0x00000000d698e5e0,0x00000000d6a00000)
  to   space 1536K, 0% used [0x00000000d6700000,0x00000000d6700000,0x00000000d6880000)
 ParOldGen       total 68608K, used 42367K [0x0000000080000000, 0x0000000084300000, 0x00000000d5580000)
  object space 68608K, 61% used [0x0000000080000000,0x000000008295ff08,0x0000000084300000)
 Metaspace       used 59748K, committed 61120K, reserved 1114112K
  class space    used 6519K, committed 7104K, reserved 1048576K
}
Event: 30.008 GC heap before
{Heap before GC invocations=38 (full 3):
 PSYoungGen      total 18432K, used 17977K [0x00000000d5580000, 0x00000000d6a00000, 0x0000000100000000)
  eden space 17408K, 100% used [0x00000000d5580000,0x00000000d6680000,0x00000000d6680000)
  from space 1024K, 55% used [0x00000000d6900000,0x00000000d698e5e0,0x00000000d6a00000)
  to   space 1536K, 0% used [0x00000000d6700000,0x00000000d6700000,0x00000000d6880000)
 ParOldGen       total 68608K, used 42367K [0x0000000080000000, 0x0000000084300000, 0x00000000d5580000)
  object space 68608K, 61% used [0x0000000080000000,0x000000008295ff08,0x0000000084300000)
 Metaspace       used 60027K, committed 61376K, reserved 1114112K
  class space    used 6540K, committed 7104K, reserved 1048576K
}
Event: 30.012 GC heap after
{Heap after GC invocations=38 (full 3):
 PSYoungGen      total 18944K, used 1218K [0x00000000d5580000, 0x00000000d6980000, 0x0000000100000000)
  eden space 17408K, 0% used [0x00000000d5580000,0x00000000d5580000,0x00000000d6680000)
  from space 1536K, 79% used [0x00000000d6700000,0x00000000d6830ae8,0x00000000d6880000)
  to   space 1024K, 0% used [0x00000000d6880000,0x00000000d6880000,0x00000000d6980000)
 ParOldGen       total 68608K, used 42809K [0x0000000080000000, 0x0000000084300000, 0x00000000d5580000)
  object space 68608K, 62% used [0x0000000080000000,0x00000000829ce4e8,0x0000000084300000)
 Metaspace       used 60027K, committed 61376K, reserved 1114112K
  class space    used 6540K, committed 7104K, reserved 1048576K
}
Event: 30.126 GC heap before
{Heap before GC invocations=39 (full 3):
 PSYoungGen      total 18944K, used 18626K [0x00000000d5580000, 0x00000000d6980000, 0x0000000100000000)
  eden space 17408K, 100% used [0x00000000d5580000,0x00000000d6680000,0x00000000d6680000)
  from space 1536K, 79% used [0x00000000d6700000,0x00000000d6830ae8,0x00000000d6880000)
  to   space 1024K, 0% used [0x00000000d6880000,0x00000000d6880000,0x00000000d6980000)
 ParOldGen       total 68608K, used 42809K [0x0000000080000000, 0x0000000084300000, 0x00000000d5580000)
  object space 68608K, 62% used [0x0000000080000000,0x00000000829ce4e8,0x0000000084300000)
 Metaspace       used 60328K, committed 61632K, reserved 1114112K
  class space    used 6569K, committed 7104K, reserved 1048576K
}
Event: 30.132 GC heap after
{Heap after GC invocations=39 (full 3):
 PSYoungGen      total 18432K, used 810K [0x00000000d5580000, 0x00000000d6980000, 0x0000000100000000)
  eden space 17408K, 0% used [0x00000000d5580000,0x00000000d5580000,0x00000000d6680000)
  from space 1024K, 79% used [0x00000000d6880000,0x00000000d694aa08,0x00000000d6980000)
  to   space 1024K, 0% used [0x00000000d6780000,0x00000000d6780000,0x00000000d6880000)
 ParOldGen       total 68608K, used 43852K [0x0000000080000000, 0x0000000084300000, 0x00000000d5580000)
  object space 68608K, 63% used [0x0000000080000000,0x0000000082ad3218,0x0000000084300000)
 Metaspace       used 60328K, committed 61632K, reserved 1114112K
  class space    used 6569K, committed 7104K, reserved 1048576K
}
Event: 30.593 GC heap before
{Heap before GC invocations=40 (full 3):
 PSYoungGen      total 18432K, used 18218K [0x00000000d5580000, 0x00000000d6980000, 0x0000000100000000)
  eden space 17408K, 100% used [0x00000000d5580000,0x00000000d6680000,0x00000000d6680000)
  from space 1024K, 79% used [0x00000000d6880000,0x00000000d694aa08,0x00000000d6980000)
  to   space 1024K, 0% used [0x00000000d6780000,0x00000000d6780000,0x00000000d6880000)
 ParOldGen       total 68608K, used 43852K [0x0000000080000000, 0x0000000084300000, 0x00000000d5580000)
  object space 68608K, 63% used [0x0000000080000000,0x0000000082ad3218,0x0000000084300000)
 Metaspace       used 61192K, committed 62592K, reserved 1114112K
  class space    used 6665K, committed 7296K, reserved 1048576K
}
Event: 30.599 GC heap after
{Heap after GC invocations=40 (full 3):
 PSYoungGen      total 18432K, used 1024K [0x00000000d5580000, 0x00000000d6d80000, 0x0000000100000000)
  eden space 17408K, 0% used [0x00000000d5580000,0x00000000d5580000,0x00000000d6680000)
  from space 1024K, 100% used [0x00000000d6780000,0x00000000d6880000,0x00000000d6880000)
  to   space 3584K, 0% used [0x00000000d6a00000,0x00000000d6a00000,0x00000000d6d80000)
 ParOldGen       total 68608K, used 45797K [0x0000000080000000, 0x0000000084300000, 0x00000000d5580000)
  object space 68608K, 66% used [0x0000000080000000,0x0000000082cb94d8,0x0000000084300000)
 Metaspace       used 61192K, committed 62592K, reserved 1114112K
  class space    used 6665K, committed 7296K, reserved 1048576K
}
Event: 31.278 GC heap before
{Heap before GC invocations=41 (full 3):
 PSYoungGen      total 18432K, used 18432K [0x00000000d5580000, 0x00000000d6d80000, 0x0000000100000000)
  eden space 17408K, 100% used [0x00000000d5580000,0x00000000d6680000,0x00000000d6680000)
  from space 1024K, 100% used [0x00000000d6780000,0x00000000d6880000,0x00000000d6880000)
  to   space 3584K, 0% used [0x00000000d6a00000,0x00000000d6a00000,0x00000000d6d80000)
 ParOldGen       total 68608K, used 45797K [0x0000000080000000, 0x0000000084300000, 0x00000000d5580000)
  object space 68608K, 66% used [0x0000000080000000,0x0000000082cb94d8,0x0000000084300000)
 Metaspace       used 62775K, committed 64256K, reserved 1114112K
  class space    used 6782K, committed 7424K, reserved 1048576K
}
Event: 31.285 GC heap after
{Heap after GC invocations=41 (full 3):
 PSYoungGen      total 19968K, used 2210K [0x00000000d5580000, 0x00000000d6c80000, 0x0000000100000000)
  eden space 17408K, 0% used [0x00000000d5580000,0x00000000d5580000,0x00000000d6680000)
  from space 2560K, 86% used [0x00000000d6a00000,0x00000000d6c28828,0x00000000d6c80000)
  to   space 2560K, 0% used [0x00000000d6780000,0x00000000d6780000,0x00000000d6a00000)
 ParOldGen       total 68608K, used 46828K [0x0000000080000000, 0x0000000084300000, 0x00000000d5580000)
  object space 68608K, 68% used [0x0000000080000000,0x0000000082dbb170,0x0000000084300000)
 Metaspace       used 62775K, committed 64256K, reserved 1114112K
  class space    used 6782K, committed 7424K, reserved 1048576K
}
Event: 32.617 GC heap before
{Heap before GC invocations=42 (full 3):
 PSYoungGen      total 19968K, used 19618K [0x00000000d5580000, 0x00000000d6c80000, 0x0000000100000000)
  eden space 17408K, 100% used [0x00000000d5580000,0x00000000d6680000,0x00000000d6680000)
  from space 2560K, 86% used [0x00000000d6a00000,0x00000000d6c28828,0x00000000d6c80000)
  to   space 2560K, 0% used [0x00000000d6780000,0x00000000d6780000,0x00000000d6a00000)
 ParOldGen       total 68608K, used 46828K [0x0000000080000000, 0x0000000084300000, 0x00000000d5580000)
  object space 68608K, 68% used [0x0000000080000000,0x0000000082dbb170,0x0000000084300000)
 Metaspace       used 63496K, committed 64960K, reserved 1114112K
  class space    used 6861K, committed 7488K, reserved 1048576K
}
Event: 32.623 GC heap after
{Heap after GC invocations=42 (full 3):
 PSYoungGen      total 18944K, used 1216K [0x00000000d5580000, 0x00000000d6a80000, 0x0000000100000000)
  eden space 17408K, 0% used [0x00000000d5580000,0x00000000d5580000,0x00000000d6680000)
  from space 1536K, 79% used [0x00000000d6780000,0x00000000d68b0000,0x00000000d6900000)
  to   space 1536K, 0% used [0x00000000d6900000,0x00000000d6900000,0x00000000d6a80000)
 ParOldGen       total 68608K, used 48852K [0x0000000080000000, 0x0000000084300000, 0x00000000d5580000)
  object space 68608K, 71% used [0x0000000080000000,0x0000000082fb51b0,0x0000000084300000)
 Metaspace       used 63496K, committed 64960K, reserved 1114112K
  class space    used 6861K, committed 7488K, reserved 1048576K
}
Event: 33.271 GC heap before
{Heap before GC invocations=43 (full 3):
 PSYoungGen      total 18944K, used 18624K [0x00000000d5580000, 0x00000000d6a80000, 0x0000000100000000)
  eden space 17408K, 100% used [0x00000000d5580000,0x00000000d6680000,0x00000000d6680000)
  from space 1536K, 79% used [0x00000000d6780000,0x00000000d68b0000,0x00000000d6900000)
  to   space 1536K, 0% used [0x00000000d6900000,0x00000000d6900000,0x00000000d6a80000)
 ParOldGen       total 68608K, used 48852K [0x0000000080000000, 0x0000000084300000, 0x00000000d5580000)
  object space 68608K, 71% used [0x0000000080000000,0x0000000082fb51b0,0x0000000084300000)
 Metaspace       used 64314K, committed 65792K, reserved 1114112K
  class space    used 6970K, committed 7616K, reserved 1048576K
}
Event: 33.275 GC heap after
{Heap after GC invocations=43 (full 3):
 PSYoungGen      total 18944K, used 1408K [0x00000000d5580000, 0x00000000d6a80000, 0x0000000100000000)
  eden space 17408K, 0% used [0x00000000d5580000,0x00000000d5580000,0x00000000d6680000)
  from space 1536K, 91% used [0x00000000d6900000,0x00000000d6a60000,0x00000000d6a80000)
  to   space 1536K, 0% used [0x00000000d6780000,0x00000000d6780000,0x00000000d6900000)
 ParOldGen       total 68608K, used 49564K [0x0000000080000000, 0x0000000084300000, 0x00000000d5580000)
  object space 68608K, 72% used [0x0000000080000000,0x00000000830671b0,0x0000000084300000)
 Metaspace       used 64314K, committed 65792K, reserved 1114112K
  class space    used 6970K, committed 7616K, reserved 1048576K
}

