# JRE version: OpenJDK Runtime Environment Temurin-21.0.8+9 (21.0.8+9) (build 21.0.8+9-LTS)
# Java VM: OpenJDK 64-Bit Server VM Temurin-21.0.8+9 (21.0.8+9-LTS, mixed mode, sharing, tiered, compressed oops, compressed class ptrs, parallel gc, windows-amd64)
GC Precious Log:
 CardTable entry size: 512
 CPUs: 16 total, 16 available
 Memory: 5989M
 Large Page Support: Disabled
 NUMA Support: Disabled
 Compressed Oops: Enabled (32-bit)
 Alignments: Space 512K, Generation 512K, Heap 2M
 Heap Min Capacity: 100M
 Heap Initial Capacity: 100M
 Heap Max Capacity: 2G
 Pre-touch: Disabled
 Parallel Workers: 13
Heap:
 PSYoungGen      total 14848K, used 9365K [0x00000000d5580000, 0x00000000d7380000, 0x0000000100000000)
  eden space 11264K, 52% used [0x00000000d5580000,0x00000000d5b39d50,0x00000000d6080000)
  from space 3584K, 99% used [0x00000000d6800000,0x00000000d6b797e0,0x00000000d6b80000)
  to   space 7680K, 0% used [0x00000000d6080000,0x00000000d6080000,0x00000000d6800000)
 ParOldGen       total 68608K, used 67188K [0x0000000080000000, 0x0000000084300000, 0x00000000d5580000)
  object space 68608K, 97% used [0x0000000080000000,0x000000008419d340,0x0000000084300000)
 Metaspace       used 67571K, committed 69056K, reserved 1114112K
  class space    used 7110K, committed 7744K, reserved 1048576K
GC Heap History (20 events):
Event: 15.361 GC heap before
{Heap before GC invocations=70 (full 3):
 PSYoungGen      total 19456K, used 19328K [0x00000000d5580000, 0x00000000d6980000, 0x0000000100000000)
  eden space 18944K, 100% used [0x00000000d5580000,0x00000000d6800000,0x00000000d6800000)
  from space 512K, 75% used [0x00000000d6900000,0x00000000d6960000,0x00000000d6980000)
  to   space 512K, 0% used [0x00000000d6880000,0x00000000d6880000,0x00000000d6900000)
 ParOldGen       total 68608K, used 54753K [0x0000000080000000, 0x0000000084300000, 0x00000000d5580000)
  object space 68608K, 79% used [0x0000000080000000,0x0000000083578618,0x0000000084300000)
 Metaspace       used 64313K, committed 65792K, reserved 1114112K
  class space    used 6856K, committed 7488K, reserved 1048576K
}
Event: 15.362 GC heap after
{Heap after GC invocations=70 (full 3):
 PSYoungGen      total 19456K, used 416K [0x00000000d5580000, 0x00000000d6980000, 0x0000000100000000)
  eden space 18944K, 0% used [0x00000000d5580000,0x00000000d5580000,0x00000000d6800000)
  from space 512K, 81% used [0x00000000d6880000,0x00000000d68e8000,0x00000000d6900000)
  to   space 512K, 0% used [0x00000000d6900000,0x00000000d6900000,0x00000000d6980000)
 ParOldGen       total 68608K, used 54865K [0x0000000080000000, 0x0000000084300000, 0x00000000d5580000)
  object space 68608K, 79% used [0x0000000080000000,0x0000000083594618,0x0000000084300000)
 Metaspace       used 64313K, committed 65792K, reserved 1114112K
  class space    used 6856K, committed 7488K, reserved 1048576K
}
Event: 15.386 GC heap before
{Heap before GC invocations=71 (full 3):
 PSYoungGen      total 19456K, used 19360K [0x00000000d5580000, 0x00000000d6980000, 0x0000000100000000)
  eden space 18944K, 100% used [0x00000000d5580000,0x00000000d6800000,0x00000000d6800000)
  from space 512K, 81% used [0x00000000d6880000,0x00000000d68e8000,0x00000000d6900000)
  to   space 512K, 0% used [0x00000000d6900000,0x00000000d6900000,0x00000000d6980000)
 ParOldGen       total 68608K, used 54865K [0x0000000080000000, 0x0000000084300000, 0x00000000d5580000)
  object space 68608K, 79% used [0x0000000080000000,0x0000000083594618,0x0000000084300000)
 Metaspace       used 64316K, committed 65792K, reserved 1114112K
  class space    used 6856K, committed 7488K, reserved 1048576K
}
Event: 15.389 GC heap after
{Heap after GC invocations=71 (full 3):
 PSYoungGen      total 19456K, used 512K [0x00000000d5580000, 0x00000000d6a00000, 0x0000000100000000)
  eden space 18944K, 0% used [0x00000000d5580000,0x00000000d5580000,0x00000000d6800000)
  from space 512K, 100% used [0x00000000d6900000,0x00000000d6980000,0x00000000d6980000)
  to   space 1024K, 0% used [0x00000000d6800000,0x00000000d6800000,0x00000000d6900000)
 ParOldGen       total 68608K, used 55009K [0x0000000080000000, 0x0000000084300000, 0x00000000d5580000)
  object space 68608K, 80% used [0x0000000080000000,0x00000000835b8618,0x0000000084300000)
 Metaspace       used 64316K, committed 65792K, reserved 1114112K
  class space    used 6856K, committed 7488K, reserved 1048576K
}
Event: 15.408 GC heap before
{Heap before GC invocations=72 (full 3):
 PSYoungGen      total 19456K, used 19456K [0x00000000d5580000, 0x00000000d6a00000, 0x0000000100000000)
  eden space 18944K, 100% used [0x00000000d5580000,0x00000000d6800000,0x00000000d6800000)
  from space 512K, 100% used [0x00000000d6900000,0x00000000d6980000,0x00000000d6980000)
  to   space 1024K, 0% used [0x00000000d6800000,0x00000000d6800000,0x00000000d6900000)
 ParOldGen       total 68608K, used 55009K [0x0000000080000000, 0x0000000084300000, 0x00000000d5580000)
  object space 68608K, 80% used [0x0000000080000000,0x00000000835b8618,0x0000000084300000)
 Metaspace       used 64316K, committed 65792K, reserved 1114112K
  class space    used 6856K, committed 7488K, reserved 1048576K
}
Event: 15.409 GC heap after
{Heap after GC invocations=72 (full 3):
 PSYoungGen      total 19968K, used 480K [0x00000000d5580000, 0x00000000d6980000, 0x0000000100000000)
  eden space 18944K, 0% used [0x00000000d5580000,0x00000000d5580000,0x00000000d6800000)
  from space 1024K, 46% used [0x00000000d6800000,0x00000000d6878000,0x00000000d6900000)
  to   space 512K, 0% used [0x00000000d6900000,0x00000000d6900000,0x00000000d6980000)
 ParOldGen       total 68608K, used 55137K [0x0000000080000000, 0x0000000084300000, 0x00000000d5580000)
  object space 68608K, 80% used [0x0000000080000000,0x00000000835d8618,0x0000000084300000)
 Metaspace       used 64316K, committed 65792K, reserved 1114112K
  class space    used 6856K, committed 7488K, reserved 1048576K
}
Event: 15.430 GC heap before
{Heap before GC invocations=73 (full 3):
 PSYoungGen      total 19968K, used 19424K [0x00000000d5580000, 0x00000000d6980000, 0x0000000100000000)
  eden space 18944K, 100% used [0x00000000d5580000,0x00000000d6800000,0x00000000d6800000)
  from space 1024K, 46% used [0x00000000d6800000,0x00000000d6878000,0x00000000d6900000)
  to   space 512K, 0% used [0x00000000d6900000,0x00000000d6900000,0x00000000d6980000)
 ParOldGen       total 68608K, used 55137K [0x0000000080000000, 0x0000000084300000, 0x00000000d5580000)
  object space 68608K, 80% used [0x0000000080000000,0x00000000835d8618,0x0000000084300000)
 Metaspace       used 64317K, committed 65792K, reserved 1114112K
  class space    used 6856K, committed 7488K, reserved 1048576K
}
Event: 15.431 GC heap after
{Heap after GC invocations=73 (full 3):
 PSYoungGen      total 19456K, used 384K [0x00000000d5580000, 0x00000000d6980000, 0x0000000100000000)
  eden space 18944K, 0% used [0x00000000d5580000,0x00000000d5580000,0x00000000d6800000)
  from space 512K, 75% used [0x00000000d6900000,0x00000000d6960000,0x00000000d6980000)
  to   space 512K, 0% used [0x00000000d6880000,0x00000000d6880000,0x00000000d6900000)
 ParOldGen       total 68608K, used 55185K [0x0000000080000000, 0x0000000084300000, 0x00000000d5580000)
  object space 68608K, 80% used [0x0000000080000000,0x00000000835e4618,0x0000000084300000)
 Metaspace       used 64317K, committed 65792K, reserved 1114112K
  class space    used 6856K, committed 7488K, reserved 1048576K
}
Event: 15.455 GC heap before
{Heap before GC invocations=74 (full 3):
 PSYoungGen      total 19456K, used 19328K [0x00000000d5580000, 0x00000000d6980000, 0x0000000100000000)
  eden space 18944K, 100% used [0x00000000d5580000,0x00000000d6800000,0x00000000d6800000)
  from space 512K, 75% used [0x00000000d6900000,0x00000000d6960000,0x00000000d6980000)
  to   space 512K, 0% used [0x00000000d6880000,0x00000000d6880000,0x00000000d6900000)
 ParOldGen       total 68608K, used 55185K [0x0000000080000000, 0x0000000084300000, 0x00000000d5580000)
  object space 68608K, 80% used [0x0000000080000000,0x00000000835e4618,0x0000000084300000)
 Metaspace       used 64320K, committed 65792K, reserved 1114112K
  class space    used 6857K, committed 7488K, reserved 1048576K
}
Event: 15.457 GC heap after
{Heap after GC invocations=74 (full 3):
 PSYoungGen      total 19456K, used 448K [0x00000000d5580000, 0x00000000d6980000, 0x0000000100000000)
  eden space 18944K, 0% used [0x00000000d5580000,0x00000000d5580000,0x00000000d6800000)
  from space 512K, 87% used [0x00000000d6880000,0x00000000d68f0000,0x00000000d6900000)
  to   space 512K, 0% used [0x00000000d6900000,0x00000000d6900000,0x00000000d6980000)
 ParOldGen       total 68608K, used 55281K [0x0000000080000000, 0x0000000084300000, 0x00000000d5580000)
  object space 68608K, 80% used [0x0000000080000000,0x00000000835fc618,0x0000000084300000)
 Metaspace       used 64320K, committed 65792K, reserved 1114112K
  class space    used 6857K, committed 7488K, reserved 1048576K
}
Event: 15.610 GC heap before
{Heap before GC invocations=75 (full 3):
 PSYoungGen      total 19456K, used 19392K [0x00000000d5580000, 0x00000000d6980000, 0x0000000100000000)
  eden space 18944K, 100% used [0x00000000d5580000,0x00000000d6800000,0x00000000d6800000)
  from space 512K, 87% used [0x00000000d6880000,0x00000000d68f0000,0x00000000d6900000)
  to   space 512K, 0% used [0x00000000d6900000,0x00000000d6900000,0x00000000d6980000)
 ParOldGen       total 68608K, used 55281K [0x0000000080000000, 0x0000000084300000, 0x00000000d5580000)
  object space 68608K, 80% used [0x0000000080000000,0x00000000835fc618,0x0000000084300000)
 Metaspace       used 64858K, committed 66304K, reserved 1114112K
  class space    used 6926K, committed 7552K, reserved 1048576K
}
Event: 15.617 GC heap after
{Heap after GC invocations=75 (full 3):
 PSYoungGen      total 15872K, used 512K [0x00000000d5580000, 0x00000000d7100000, 0x0000000100000000)
  eden space 15360K, 0% used [0x00000000d5580000,0x00000000d5580000,0x00000000d6480000)
  from space 512K, 100% used [0x00000000d6900000,0x00000000d6980000,0x00000000d6980000)
  to   space 4608K, 0% used [0x00000000d6480000,0x00000000d6480000,0x00000000d6900000)
 ParOldGen       total 68608K, used 58722K [0x0000000080000000, 0x0000000084300000, 0x00000000d5580000)
  object space 68608K, 85% used [0x0000000080000000,0x0000000083958898,0x0000000084300000)
 Metaspace       used 64858K, committed 66304K, reserved 1114112K
  class space    used 6926K, committed 7552K, reserved 1048576K
}
Event: 15.742 GC heap before
{Heap before GC invocations=76 (full 3):
 PSYoungGen      total 15872K, used 15872K [0x00000000d5580000, 0x00000000d7100000, 0x0000000100000000)
  eden space 15360K, 100% used [0x00000000d5580000,0x00000000d6480000,0x00000000d6480000)
  from space 512K, 100% used [0x00000000d6900000,0x00000000d6980000,0x00000000d6980000)
  to   space 4608K, 0% used [0x00000000d6480000,0x00000000d6480000,0x00000000d6900000)
 ParOldGen       total 68608K, used 58722K [0x0000000080000000, 0x0000000084300000, 0x00000000d5580000)
  object space 68608K, 85% used [0x0000000080000000,0x0000000083958898,0x0000000084300000)
 Metaspace       used 65103K, committed 66560K, reserved 1114112K
  class space    used 6935K, committed 7552K, reserved 1048576K
}
Event: 15.747 GC heap after
{Heap after GC invocations=76 (full 3):
 PSYoungGen      total 19968K, used 4567K [0x00000000d5580000, 0x00000000d6e80000, 0x0000000100000000)
  eden space 15360K, 0% used [0x00000000d5580000,0x00000000d5580000,0x00000000d6480000)
  from space 4608K, 99% used [0x00000000d6480000,0x00000000d68f5c88,0x00000000d6900000)
  to   space 5120K, 0% used [0x00000000d6980000,0x00000000d6980000,0x00000000d6e80000)
 ParOldGen       total 68608K, used 59277K [0x0000000080000000, 0x0000000084300000, 0x00000000d5580000)
  object space 68608K, 86% used [0x0000000080000000,0x00000000839e36c8,0x0000000084300000)
 Metaspace       used 65103K, committed 66560K, reserved 1114112K
  class space    used 6935K, committed 7552K, reserved 1048576K
}
Event: 15.840 GC heap before
{Heap before GC invocations=77 (full 3):
 PSYoungGen      total 19968K, used 19927K [0x00000000d5580000, 0x00000000d6e80000, 0x0000000100000000)
  eden space 15360K, 100% used [0x00000000d5580000,0x00000000d6480000,0x00000000d6480000)
  from space 4608K, 99% used [0x00000000d6480000,0x00000000d68f5c88,0x00000000d6900000)
  to   space 5120K, 0% used [0x00000000d6980000,0x00000000d6980000,0x00000000d6e80000)
 ParOldGen       total 68608K, used 59277K [0x0000000080000000, 0x0000000084300000, 0x00000000d5580000)
  object space 68608K, 86% used [0x0000000080000000,0x00000000839e36c8,0x0000000084300000)
 Metaspace       used 65529K, committed 67008K, reserved 1114112K
  class space    used 6963K, committed 7616K, reserved 1048576K
}
Event: 15.847 GC heap after
{Heap after GC invocations=77 (full 3):
 PSYoungGen      total 16896K, used 1531K [0x00000000d5580000, 0x00000000d6b00000, 0x0000000100000000)
  eden space 15360K, 0% used [0x00000000d5580000,0x00000000d5580000,0x00000000d6480000)
  from space 1536K, 99% used [0x00000000d6980000,0x00000000d6afefb0,0x00000000d6b00000)
  to   space 3072K, 0% used [0x00000000d6500000,0x00000000d6500000,0x00000000d6800000)
 ParOldGen       total 68608K, used 62764K [0x0000000080000000, 0x0000000084300000, 0x00000000d5580000)
  object space 68608K, 91% used [0x0000000080000000,0x0000000083d4b338,0x0000000084300000)
 Metaspace       used 65529K, committed 67008K, reserved 1114112K
  class space    used 6963K, committed 7616K, reserved 1048576K
}
Event: 16.017 GC heap before
{Heap before GC invocations=78 (full 3):
 PSYoungGen      total 16896K, used 16891K [0x00000000d5580000, 0x00000000d6b00000, 0x0000000100000000)
  eden space 15360K, 100% used [0x00000000d5580000,0x00000000d6480000,0x00000000d6480000)
  from space 1536K, 99% used [0x00000000d6980000,0x00000000d6afefb0,0x00000000d6b00000)
  to   space 3072K, 0% used [0x00000000d6500000,0x00000000d6500000,0x00000000d6800000)
 ParOldGen       total 68608K, used 62764K [0x0000000080000000, 0x0000000084300000, 0x00000000d5580000)
  object space 68608K, 91% used [0x0000000080000000,0x0000000083d4b338,0x0000000084300000)
 Metaspace       used 66659K, committed 68096K, reserved 1114112K
  class space    used 7050K, committed 7680K, reserved 1048576K
}
Event: 16.023 GC heap after
{Heap after GC invocations=78 (full 3):
 PSYoungGen      total 18432K, used 3037K [0x00000000d5580000, 0x00000000d6b80000, 0x0000000100000000)
  eden space 15360K, 0% used [0x00000000d5580000,0x00000000d5580000,0x00000000d6480000)
  from space 3072K, 98% used [0x00000000d6500000,0x00000000d67f74c8,0x00000000d6800000)
  to   space 3584K, 0% used [0x00000000d6800000,0x00000000d6800000,0x00000000d6b80000)
 ParOldGen       total 68608K, used 64072K [0x0000000080000000, 0x0000000084300000, 0x00000000d5580000)
  object space 68608K, 93% used [0x0000000080000000,0x0000000083e92158,0x0000000084300000)
 Metaspace       used 66659K, committed 68096K, reserved 1114112K
  class space    used 7050K, committed 7680K, reserved 1048576K
}
Event: 16.162 GC heap before
{Heap before GC invocations=79 (full 3):
 PSYoungGen      total 18432K, used 18397K [0x00000000d5580000, 0x00000000d6b80000, 0x0000000100000000)
  eden space 15360K, 99% used [0x00000000d5580000,0x00000000d647fff0,0x00000000d6480000)
  from space 3072K, 98% used [0x00000000d6500000,0x00000000d67f74c8,0x00000000d6800000)
  to   space 3584K, 0% used [0x00000000d6800000,0x00000000d6800000,0x00000000d6b80000)
 ParOldGen       total 68608K, used 64072K [0x0000000080000000, 0x0000000084300000, 0x00000000d5580000)
  object space 68608K, 93% used [0x0000000080000000,0x0000000083e92158,0x0000000084300000)
 Metaspace       used 67320K, committed 68800K, reserved 1114112K
  class space    used 7099K, committed 7744K, reserved 1048576K
}
Event: 17.321 GC heap after
{Heap after GC invocations=79 (full 3):
 PSYoungGen      total 14848K, used 3557K [0x00000000d5580000, 0x00000000d7380000, 0x0000000100000000)
  eden space 11264K, 0% used [0x00000000d5580000,0x00000000d5580000,0x00000000d6080000)
  from space 3584K, 99% used [0x00000000d6800000,0x00000000d6b797e0,0x00000000d6b80000)
  to   space 7680K, 0% used [0x00000000d6080000,0x00000000d6080000,0x00000000d6800000)
 ParOldGen       total 68608K, used 67188K [0x0000000080000000, 0x0000000084300000, 0x00000000d5580000)
  object space 68608K, 97% used [0x0000000080000000,0x000000008419d340,0x0000000084300000)
 Metaspace       used 67320K, committed 68800K, reserved 1114112K
  class space    used 7099K, committed 7744K, reserved 1048576K
}

