# JRE version: OpenJDK Runtime Environment Temurin-21.0.8+9 (21.0.8+9) (build 21.0.8+9-LTS)
# Java VM: OpenJDK 64-Bit Server VM Temurin-21.0.8+9 (21.0.8+9-LTS, mixed mode, sharing, tiered, compressed oops, compressed class ptrs, parallel gc, windows-amd64)
GC Precious Log:
 CardTable entry size: 512
 CPUs: 16 total, 16 available
 Memory: 5989M
 Large Page Support: Disabled
 NUMA Support: Disabled
 Compressed Oops: Enabled (32-bit)
 Alignments: Space 512K, Generation 512K, Heap 2M
 Heap Min Capacity: 100M
 Heap Initial Capacity: 100M
 Heap Max Capacity: 2G
 Pre-touch: Disabled
 Parallel Workers: 13
Heap:
 PSYoungGen      total 23552K, used 16265K [0x00000000d5580000, 0x00000000d7300000, 0x0000000100000000)
  eden space 22016K, 67% used [0x00000000d5580000,0x00000000d63e8270,0x00000000d6b00000)
  from space 1536K, 98% used [0x00000000d6f00000,0x00000000d707a240,0x00000000d7080000)
  to   space 4096K, 0% used [0x00000000d6b00000,0x00000000d6b00000,0x00000000d6f00000)
 ParOldGen       total 68608K, used 24656K [0x0000000080000000, 0x0000000084300000, 0x00000000d5580000)
  object space 68608K, 35% used [0x0000000080000000,0x0000000081814348,0x0000000084300000)
 Metaspace       used 41690K, committed 42944K, reserved 1114112K
  class space    used 4433K, committed 4992K, reserved 1048576K
GC Heap History (20 events):
Event: 12.442 GC heap before
{Heap before GC invocations=11 (full 1):
 PSYoungGen      total 27648K, used 27222K [0x00000000d5580000, 0x00000000d7480000, 0x0000000100000000)
  eden space 23552K, 100% used [0x00000000d5580000,0x00000000d6c80000,0x00000000d6c80000)
  from space 4096K, 89% used [0x00000000d6e80000,0x00000000d7215988,0x00000000d7280000)
  to   space 2048K, 0% used [0x00000000d7280000,0x00000000d7280000,0x00000000d7480000)
 ParOldGen       total 68608K, used 12605K [0x0000000080000000, 0x0000000084300000, 0x00000000d5580000)
  object space 68608K, 18% used [0x0000000080000000,0x0000000080c4f6a0,0x0000000084300000)
 Metaspace       used 27752K, committed 28800K, reserved 1114112K
  class space    used 2740K, committed 3200K, reserved 1048576K
}
Event: 12.448 GC heap after
{Heap after GC invocations=11 (full 1):
 PSYoungGen      total 25088K, used 1668K [0x00000000d5580000, 0x00000000d7480000, 0x0000000100000000)
  eden space 23040K, 0% used [0x00000000d5580000,0x00000000d5580000,0x00000000d6c00000)
  from space 2048K, 81% used [0x00000000d7280000,0x00000000d74212e0,0x00000000d7480000)
  to   space 2560K, 0% used [0x00000000d6f80000,0x00000000d6f80000,0x00000000d7200000)
 ParOldGen       total 68608K, used 14409K [0x0000000080000000, 0x0000000084300000, 0x00000000d5580000)
  object space 68608K, 21% used [0x0000000080000000,0x0000000080e124c8,0x0000000084300000)
 Metaspace       used 27752K, committed 28800K, reserved 1114112K
  class space    used 2740K, committed 3200K, reserved 1048576K
}
Event: 12.869 GC heap before
{Heap before GC invocations=12 (full 1):
 PSYoungGen      total 25088K, used 24708K [0x00000000d5580000, 0x00000000d7480000, 0x0000000100000000)
  eden space 23040K, 100% used [0x00000000d5580000,0x00000000d6c00000,0x00000000d6c00000)
  from space 2048K, 81% used [0x00000000d7280000,0x00000000d74212e0,0x00000000d7480000)
  to   space 2560K, 0% used [0x00000000d6f80000,0x00000000d6f80000,0x00000000d7200000)
 ParOldGen       total 68608K, used 14409K [0x0000000080000000, 0x0000000084300000, 0x00000000d5580000)
  object space 68608K, 21% used [0x0000000080000000,0x0000000080e124c8,0x0000000084300000)
 Metaspace       used 31151K, committed 32256K, reserved 1114112K
  class space    used 3122K, committed 3648K, reserved 1048576K
}
Event: 12.877 GC heap after
{Heap after GC invocations=12 (full 1):
 PSYoungGen      total 24064K, used 1488K [0x00000000d5580000, 0x00000000d7300000, 0x0000000100000000)
  eden space 22528K, 0% used [0x00000000d5580000,0x00000000d5580000,0x00000000d6b80000)
  from space 1536K, 96% used [0x00000000d6f80000,0x00000000d70f4028,0x00000000d7100000)
  to   space 2048K, 0% used [0x00000000d7100000,0x00000000d7100000,0x00000000d7300000)
 ParOldGen       total 68608K, used 15712K [0x0000000080000000, 0x0000000084300000, 0x00000000d5580000)
  object space 68608K, 22% used [0x0000000080000000,0x0000000080f582d8,0x0000000084300000)
 Metaspace       used 31151K, committed 32256K, reserved 1114112K
  class space    used 3122K, committed 3648K, reserved 1048576K
}
Event: 13.517 GC heap before
{Heap before GC invocations=13 (full 1):
 PSYoungGen      total 24064K, used 24016K [0x00000000d5580000, 0x00000000d7300000, 0x0000000100000000)
  eden space 22528K, 100% used [0x00000000d5580000,0x00000000d6b80000,0x00000000d6b80000)
  from space 1536K, 96% used [0x00000000d6f80000,0x00000000d70f4028,0x00000000d7100000)
  to   space 2048K, 0% used [0x00000000d7100000,0x00000000d7100000,0x00000000d7300000)
 ParOldGen       total 68608K, used 15712K [0x0000000080000000, 0x0000000084300000, 0x00000000d5580000)
  object space 68608K, 22% used [0x0000000080000000,0x0000000080f582d8,0x0000000084300000)
 Metaspace       used 34074K, committed 35200K, reserved 1114112K
  class space    used 3518K, committed 4032K, reserved 1048576K
}
Event: 13.522 GC heap after
{Heap after GC invocations=13 (full 1):
 PSYoungGen      total 23552K, used 1440K [0x00000000d5580000, 0x00000000d7280000, 0x0000000100000000)
  eden space 22016K, 0% used [0x00000000d5580000,0x00000000d5580000,0x00000000d6b00000)
  from space 1536K, 93% used [0x00000000d7100000,0x00000000d7268020,0x00000000d7280000)
  to   space 1536K, 0% used [0x00000000d6f80000,0x00000000d6f80000,0x00000000d7100000)
 ParOldGen       total 68608K, used 16920K [0x0000000080000000, 0x0000000084300000, 0x00000000d5580000)
  object space 68608K, 24% used [0x0000000080000000,0x00000000810863f0,0x0000000084300000)
 Metaspace       used 34074K, committed 35200K, reserved 1114112K
  class space    used 3518K, committed 4032K, reserved 1048576K
}
Event: 13.652 GC heap before
{Heap before GC invocations=14 (full 1):
 PSYoungGen      total 23552K, used 9719K [0x00000000d5580000, 0x00000000d7280000, 0x0000000100000000)
  eden space 22016K, 37% used [0x00000000d5580000,0x00000000d5d95c30,0x00000000d6b00000)
  from space 1536K, 93% used [0x00000000d7100000,0x00000000d7268020,0x00000000d7280000)
  to   space 1536K, 0% used [0x00000000d6f80000,0x00000000d6f80000,0x00000000d7100000)
 ParOldGen       total 68608K, used 16920K [0x0000000080000000, 0x0000000084300000, 0x00000000d5580000)
  object space 68608K, 24% used [0x0000000080000000,0x00000000810863f0,0x0000000084300000)
 Metaspace       used 34706K, committed 35840K, reserved 1114112K
  class space    used 3595K, committed 4096K, reserved 1048576K
}
Event: 13.656 GC heap after
{Heap after GC invocations=14 (full 1):
 PSYoungGen      total 23040K, used 991K [0x00000000d5580000, 0x00000000d7180000, 0x0000000100000000)
  eden space 22016K, 0% used [0x00000000d5580000,0x00000000d5580000,0x00000000d6b00000)
  from space 1024K, 96% used [0x00000000d6f80000,0x00000000d7077fb8,0x00000000d7080000)
  to   space 1024K, 0% used [0x00000000d7080000,0x00000000d7080000,0x00000000d7180000)
 ParOldGen       total 68608K, used 18073K [0x0000000080000000, 0x0000000084300000, 0x00000000d5580000)
  object space 68608K, 26% used [0x0000000080000000,0x00000000811a6630,0x0000000084300000)
 Metaspace       used 34706K, committed 35840K, reserved 1114112K
  class space    used 3595K, committed 4096K, reserved 1048576K
}
Event: 13.656 GC heap before
{Heap before GC invocations=15 (full 2):
 PSYoungGen      total 23040K, used 991K [0x00000000d5580000, 0x00000000d7180000, 0x0000000100000000)
  eden space 22016K, 0% used [0x00000000d5580000,0x00000000d5580000,0x00000000d6b00000)
  from space 1024K, 96% used [0x00000000d6f80000,0x00000000d7077fb8,0x00000000d7080000)
  to   space 1024K, 0% used [0x00000000d7080000,0x00000000d7080000,0x00000000d7180000)
 ParOldGen       total 68608K, used 18073K [0x0000000080000000, 0x0000000084300000, 0x00000000d5580000)
  object space 68608K, 26% used [0x0000000080000000,0x00000000811a6630,0x0000000084300000)
 Metaspace       used 34706K, committed 35840K, reserved 1114112K
  class space    used 3595K, committed 4096K, reserved 1048576K
}
Event: 13.711 GC heap after
{Heap after GC invocations=15 (full 2):
 PSYoungGen      total 23040K, used 0K [0x00000000d5580000, 0x00000000d7180000, 0x0000000100000000)
  eden space 22016K, 0% used [0x00000000d5580000,0x00000000d5580000,0x00000000d6b00000)
  from space 1024K, 0% used [0x00000000d6f80000,0x00000000d6f80000,0x00000000d7080000)
  to   space 1024K, 0% used [0x00000000d7080000,0x00000000d7080000,0x00000000d7180000)
 ParOldGen       total 68608K, used 17930K [0x0000000080000000, 0x0000000084300000, 0x00000000d5580000)
  object space 68608K, 26% used [0x0000000080000000,0x0000000081182848,0x0000000084300000)
 Metaspace       used 34706K, committed 35840K, reserved 1114112K
  class space    used 3595K, committed 4096K, reserved 1048576K
}
Event: 13.957 GC heap before
{Heap before GC invocations=16 (full 2):
 PSYoungGen      total 23040K, used 22016K [0x00000000d5580000, 0x00000000d7180000, 0x0000000100000000)
  eden space 22016K, 100% used [0x00000000d5580000,0x00000000d6b00000,0x00000000d6b00000)
  from space 1024K, 0% used [0x00000000d6f80000,0x00000000d6f80000,0x00000000d7080000)
  to   space 1024K, 0% used [0x00000000d7080000,0x00000000d7080000,0x00000000d7180000)
 ParOldGen       total 68608K, used 17930K [0x0000000080000000, 0x0000000084300000, 0x00000000d5580000)
  object space 68608K, 26% used [0x0000000080000000,0x0000000081182848,0x0000000084300000)
 Metaspace       used 37025K, committed 38336K, reserved 1114112K
  class space    used 3863K, committed 4480K, reserved 1048576K
}
Event: 13.962 GC heap after
{Heap after GC invocations=16 (full 2):
 PSYoungGen      total 23040K, used 1004K [0x00000000d5580000, 0x00000000d7180000, 0x0000000100000000)
  eden space 22016K, 0% used [0x00000000d5580000,0x00000000d5580000,0x00000000d6b00000)
  from space 1024K, 98% used [0x00000000d7080000,0x00000000d717b118,0x00000000d7180000)
  to   space 1536K, 0% used [0x00000000d6e80000,0x00000000d6e80000,0x00000000d7000000)
 ParOldGen       total 68608K, used 18028K [0x0000000080000000, 0x0000000084300000, 0x00000000d5580000)
  object space 68608K, 26% used [0x0000000080000000,0x000000008119b2a8,0x0000000084300000)
 Metaspace       used 37025K, committed 38336K, reserved 1114112K
  class space    used 3863K, committed 4480K, reserved 1048576K
}
Event: 14.191 GC heap before
{Heap before GC invocations=17 (full 2):
 PSYoungGen      total 23040K, used 23020K [0x00000000d5580000, 0x00000000d7180000, 0x0000000100000000)
  eden space 22016K, 100% used [0x00000000d5580000,0x00000000d6b00000,0x00000000d6b00000)
  from space 1024K, 98% used [0x00000000d7080000,0x00000000d717b118,0x00000000d7180000)
  to   space 1536K, 0% used [0x00000000d6e80000,0x00000000d6e80000,0x00000000d7000000)
 ParOldGen       total 68608K, used 18028K [0x0000000080000000, 0x0000000084300000, 0x00000000d5580000)
  object space 68608K, 26% used [0x0000000080000000,0x000000008119b2a8,0x0000000084300000)
 Metaspace       used 38720K, committed 40000K, reserved 1114112K
  class space    used 4050K, committed 4608K, reserved 1048576K
}
Event: 14.197 GC heap after
{Heap after GC invocations=17 (full 2):
 PSYoungGen      total 23552K, used 1504K [0x00000000d5580000, 0x00000000d7200000, 0x0000000100000000)
  eden space 22016K, 0% used [0x00000000d5580000,0x00000000d5580000,0x00000000d6b00000)
  from space 1536K, 97% used [0x00000000d6e80000,0x00000000d6ff8030,0x00000000d7000000)
  to   space 2048K, 0% used [0x00000000d7000000,0x00000000d7000000,0x00000000d7200000)
 ParOldGen       total 68608K, used 19586K [0x0000000080000000, 0x0000000084300000, 0x00000000d5580000)
  object space 68608K, 28% used [0x0000000080000000,0x0000000081320880,0x0000000084300000)
 Metaspace       used 38720K, committed 40000K, reserved 1114112K
  class space    used 4050K, committed 4608K, reserved 1048576K
}
Event: 14.336 GC heap before
{Heap before GC invocations=18 (full 2):
 PSYoungGen      total 23552K, used 23520K [0x00000000d5580000, 0x00000000d7200000, 0x0000000100000000)
  eden space 22016K, 100% used [0x00000000d5580000,0x00000000d6b00000,0x00000000d6b00000)
  from space 1536K, 97% used [0x00000000d6e80000,0x00000000d6ff8030,0x00000000d7000000)
  to   space 2048K, 0% used [0x00000000d7000000,0x00000000d7000000,0x00000000d7200000)
 ParOldGen       total 68608K, used 19586K [0x0000000080000000, 0x0000000084300000, 0x00000000d5580000)
  object space 68608K, 28% used [0x0000000080000000,0x0000000081320880,0x0000000084300000)
 Metaspace       used 39232K, committed 40512K, reserved 1114112K
  class space    used 4120K, committed 4736K, reserved 1048576K
}
Event: 14.341 GC heap after
{Heap after GC invocations=18 (full 2):
 PSYoungGen      total 24064K, used 1973K [0x00000000d5580000, 0x00000000d7200000, 0x0000000100000000)
  eden space 22016K, 0% used [0x00000000d5580000,0x00000000d5580000,0x00000000d6b00000)
  from space 2048K, 96% used [0x00000000d7000000,0x00000000d71ed728,0x00000000d7200000)
  to   space 2560K, 0% used [0x00000000d6d00000,0x00000000d6d00000,0x00000000d6f80000)
 ParOldGen       total 68608K, used 21026K [0x0000000080000000, 0x0000000084300000, 0x00000000d5580000)
  object space 68608K, 30% used [0x0000000080000000,0x00000000814888b0,0x0000000084300000)
 Metaspace       used 39232K, committed 40512K, reserved 1114112K
  class space    used 4120K, committed 4736K, reserved 1048576K
}
Event: 14.423 GC heap before
{Heap before GC invocations=19 (full 2):
 PSYoungGen      total 24064K, used 23989K [0x00000000d5580000, 0x00000000d7200000, 0x0000000100000000)
  eden space 22016K, 100% used [0x00000000d5580000,0x00000000d6b00000,0x00000000d6b00000)
  from space 2048K, 96% used [0x00000000d7000000,0x00000000d71ed728,0x00000000d7200000)
  to   space 2560K, 0% used [0x00000000d6d00000,0x00000000d6d00000,0x00000000d6f80000)
 ParOldGen       total 68608K, used 21026K [0x0000000080000000, 0x0000000084300000, 0x00000000d5580000)
  object space 68608K, 30% used [0x0000000080000000,0x00000000814888b0,0x0000000084300000)
 Metaspace       used 40109K, committed 41344K, reserved 1114112K
  class space    used 4241K, committed 4800K, reserved 1048576K
}
Event: 14.429 GC heap after
{Heap after GC invocations=19 (full 2):
 PSYoungGen      total 24064K, used 1922K [0x00000000d5580000, 0x00000000d7080000, 0x0000000100000000)
  eden space 22016K, 0% used [0x00000000d5580000,0x00000000d5580000,0x00000000d6b00000)
  from space 2048K, 93% used [0x00000000d6d00000,0x00000000d6ee0800,0x00000000d6f00000)
  to   space 1536K, 0% used [0x00000000d6f00000,0x00000000d6f00000,0x00000000d7080000)
 ParOldGen       total 68608K, used 22726K [0x0000000080000000, 0x0000000084300000, 0x00000000d5580000)
  object space 68608K, 33% used [0x0000000080000000,0x0000000081631b48,0x0000000084300000)
 Metaspace       used 40109K, committed 41344K, reserved 1114112K
  class space    used 4241K, committed 4800K, reserved 1048576K
}
Event: 14.558 GC heap before
{Heap before GC invocations=20 (full 2):
 PSYoungGen      total 24064K, used 23927K [0x00000000d5580000, 0x00000000d7080000, 0x0000000100000000)
  eden space 22016K, 99% used [0x00000000d5580000,0x00000000d6afd408,0x00000000d6b00000)
  from space 2048K, 93% used [0x00000000d6d00000,0x00000000d6ee0800,0x00000000d6f00000)
  to   space 1536K, 0% used [0x00000000d6f00000,0x00000000d6f00000,0x00000000d7080000)
 ParOldGen       total 68608K, used 22726K [0x0000000080000000, 0x0000000084300000, 0x00000000d5580000)
  object space 68608K, 33% used [0x0000000080000000,0x0000000081631b48,0x0000000084300000)
 Metaspace       used 41542K, committed 42816K, reserved 1114112K
  class space    used 4417K, committed 4992K, reserved 1048576K
}
Event: 15.591 GC heap after
{Heap after GC invocations=20 (full 2):
 PSYoungGen      total 23552K, used 1512K [0x00000000d5580000, 0x00000000d7300000, 0x0000000100000000)
  eden space 22016K, 0% used [0x00000000d5580000,0x00000000d5580000,0x00000000d6b00000)
  from space 1536K, 98% used [0x00000000d6f00000,0x00000000d707a240,0x00000000d7080000)
  to   space 4096K, 0% used [0x00000000d6b00000,0x00000000d6b00000,0x00000000d6f00000)
 ParOldGen       total 68608K, used 24656K [0x0000000080000000, 0x0000000084300000, 0x00000000d5580000)
  object space 68608K, 35% used [0x0000000080000000,0x0000000081814348,0x0000000084300000)
 Metaspace       used 41542K, committed 42816K, reserved 1114112K
  class space    used 4417K, committed 4992K, reserved 1048576K
}

