# JRE version: OpenJDK Runtime Environment Temurin-21.0.8+9 (21.0.8+9) (build 21.0.8+9-LTS)
# Java VM: OpenJDK 64-Bit Server VM Temurin-21.0.8+9 (21.0.8+9-LTS, mixed mode, sharing, tiered, compressed oops, compressed class ptrs, parallel gc, windows-amd64)
GC Precious Log:
 CardTable entry size: 512
 CPUs: 16 total, 16 available
 Memory: 5989M
 Large Page Support: Disabled
 NUMA Support: Disabled
 Compressed Oops: Enabled (32-bit)
 Alignments: Space 512K, Generation 512K, Heap 2M
 Heap Min Capacity: 100M
 Heap Initial Capacity: 100M
 Heap Max Capacity: 2G
 Pre-touch: Disabled
 Parallel Workers: 13
Heap:
 PSYoungGen      total 14848K, used 3297K [0x00000000d5580000, 0x00000000d7000000, 0x0000000100000000)
  eden space 11776K, 1% used [0x00000000d5580000,0x00000000d55b8c20,0x00000000d6100000)
  from space 3072K, 99% used [0x00000000d6700000,0x00000000d69ffab8,0x00000000d6a00000)
  to   space 6144K, 0% used [0x00000000d6100000,0x00000000d6100000,0x00000000d6700000)
 ParOldGen       total 68608K, used 66263K [0x0000000080000000, 0x0000000084300000, 0x00000000d5580000)
  object space 68608K, 96% used [0x0000000080000000,0x00000000840b5fc0,0x0000000084300000)
 Metaspace       used 70510K, committed 72128K, reserved 1114112K
  class space    used 7410K, committed 8128K, reserved 1048576K
GC Heap History (20 events):
Event: 12.731 GC heap before
{Heap before GC invocations=54 (full 3):
 PSYoungGen      total 18944K, used 18434K [0x00000000d5580000, 0x00000000d6c80000, 0x0000000100000000)
  eden space 15872K, 100% used [0x00000000d5580000,0x00000000d6500000,0x00000000d6500000)
  from space 3072K, 83% used [0x00000000d6980000,0x00000000d6c008a8,0x00000000d6c80000)
  to   space 3072K, 0% used [0x00000000d6680000,0x00000000d6680000,0x00000000d6980000)
 ParOldGen       total 68608K, used 50351K [0x0000000080000000, 0x0000000084300000, 0x00000000d5580000)
  object space 68608K, 73% used [0x0000000080000000,0x000000008312bfc8,0x0000000084300000)
 Metaspace       used 66512K, committed 68096K, reserved 1114112K
  class space    used 7052K, committed 7744K, reserved 1048576K
}
Event: 12.737 GC heap after
{Heap after GC invocations=54 (full 3):
 PSYoungGen      total 18944K, used 2885K [0x00000000d5580000, 0x00000000d6b00000, 0x0000000100000000)
  eden space 15872K, 0% used [0x00000000d5580000,0x00000000d5580000,0x00000000d6500000)
  from space 3072K, 93% used [0x00000000d6680000,0x00000000d6951468,0x00000000d6980000)
  to   space 1536K, 0% used [0x00000000d6980000,0x00000000d6980000,0x00000000d6b00000)
 ParOldGen       total 68608K, used 51481K [0x0000000080000000, 0x0000000084300000, 0x00000000d5580000)
  object space 68608K, 75% used [0x0000000080000000,0x0000000083246708,0x0000000084300000)
 Metaspace       used 66512K, committed 68096K, reserved 1114112K
  class space    used 7052K, committed 7744K, reserved 1048576K
}
Event: 12.855 GC heap before
{Heap before GC invocations=55 (full 3):
 PSYoungGen      total 18944K, used 18757K [0x00000000d5580000, 0x00000000d6b00000, 0x0000000100000000)
  eden space 15872K, 100% used [0x00000000d5580000,0x00000000d6500000,0x00000000d6500000)
  from space 3072K, 93% used [0x00000000d6680000,0x00000000d6951468,0x00000000d6980000)
  to   space 1536K, 0% used [0x00000000d6980000,0x00000000d6980000,0x00000000d6b00000)
 ParOldGen       total 68608K, used 51481K [0x0000000080000000, 0x0000000084300000, 0x00000000d5580000)
  object space 68608K, 75% used [0x0000000080000000,0x0000000083246708,0x0000000084300000)
 Metaspace       used 66957K, committed 68544K, reserved 1114112K
  class space    used 7085K, committed 7808K, reserved 1048576K
}
Event: 12.860 GC heap after
{Heap after GC invocations=55 (full 3):
 PSYoungGen      total 16384K, used 1509K [0x00000000d5580000, 0x00000000d7000000, 0x0000000100000000)
  eden space 14848K, 0% used [0x00000000d5580000,0x00000000d5580000,0x00000000d6400000)
  from space 1536K, 98% used [0x00000000d6980000,0x00000000d6af9650,0x00000000d6b00000)
  to   space 5632K, 0% used [0x00000000d6400000,0x00000000d6400000,0x00000000d6980000)
 ParOldGen       total 68608K, used 55158K [0x0000000080000000, 0x0000000084300000, 0x00000000d5580000)
  object space 68608K, 80% used [0x0000000080000000,0x00000000835dd850,0x0000000084300000)
 Metaspace       used 66957K, committed 68544K, reserved 1114112K
  class space    used 7085K, committed 7808K, reserved 1048576K
}
Event: 12.963 GC heap before
{Heap before GC invocations=56 (full 3):
 PSYoungGen      total 16384K, used 16357K [0x00000000d5580000, 0x00000000d7000000, 0x0000000100000000)
  eden space 14848K, 100% used [0x00000000d5580000,0x00000000d6400000,0x00000000d6400000)
  from space 1536K, 98% used [0x00000000d6980000,0x00000000d6af9650,0x00000000d6b00000)
  to   space 5632K, 0% used [0x00000000d6400000,0x00000000d6400000,0x00000000d6980000)
 ParOldGen       total 68608K, used 55158K [0x0000000080000000, 0x0000000084300000, 0x00000000d5580000)
  object space 68608K, 80% used [0x0000000080000000,0x00000000835dd850,0x0000000084300000)
 Metaspace       used 67325K, committed 68928K, reserved 1114112K
  class space    used 7107K, committed 7808K, reserved 1048576K
}
Event: 12.967 GC heap after
{Heap after GC invocations=56 (full 3):
 PSYoungGen      total 17408K, used 2392K [0x00000000d5580000, 0x00000000d6b00000, 0x0000000100000000)
  eden space 14848K, 0% used [0x00000000d5580000,0x00000000d5580000,0x00000000d6400000)
  from space 2560K, 93% used [0x00000000d6400000,0x00000000d66562e0,0x00000000d6680000)
  to   space 3584K, 0% used [0x00000000d6780000,0x00000000d6780000,0x00000000d6b00000)
 ParOldGen       total 68608K, used 56297K [0x0000000080000000, 0x0000000084300000, 0x00000000d5580000)
  object space 68608K, 82% used [0x0000000080000000,0x00000000836fa500,0x0000000084300000)
 Metaspace       used 67325K, committed 68928K, reserved 1114112K
  class space    used 7107K, committed 7808K, reserved 1048576K
}
Event: 13.102 GC heap before
{Heap before GC invocations=57 (full 3):
 PSYoungGen      total 17408K, used 17240K [0x00000000d5580000, 0x00000000d6b00000, 0x0000000100000000)
  eden space 14848K, 100% used [0x00000000d5580000,0x00000000d6400000,0x00000000d6400000)
  from space 2560K, 93% used [0x00000000d6400000,0x00000000d66562e0,0x00000000d6680000)
  to   space 3584K, 0% used [0x00000000d6780000,0x00000000d6780000,0x00000000d6b00000)
 ParOldGen       total 68608K, used 56297K [0x0000000080000000, 0x0000000084300000, 0x00000000d5580000)
  object space 68608K, 82% used [0x0000000080000000,0x00000000836fa500,0x0000000084300000)
 Metaspace       used 67729K, committed 69312K, reserved 1114112K
  class space    used 7152K, committed 7872K, reserved 1048576K
}
Event: 13.107 GC heap after
{Heap after GC invocations=57 (full 3):
 PSYoungGen      total 17408K, used 2432K [0x00000000d5580000, 0x00000000d6a00000, 0x0000000100000000)
  eden space 14848K, 0% used [0x00000000d5580000,0x00000000d5580000,0x00000000d6400000)
  from space 2560K, 95% used [0x00000000d6780000,0x00000000d69e0020,0x00000000d6a00000)
  to   space 3072K, 0% used [0x00000000d6400000,0x00000000d6400000,0x00000000d6700000)
 ParOldGen       total 68608K, used 58498K [0x0000000080000000, 0x0000000084300000, 0x00000000d5580000)
  object space 68608K, 85% used [0x0000000080000000,0x0000000083920800,0x0000000084300000)
 Metaspace       used 67729K, committed 69312K, reserved 1114112K
  class space    used 7152K, committed 7872K, reserved 1048576K
}
Event: 13.376 GC heap before
{Heap before GC invocations=58 (full 3):
 PSYoungGen      total 17408K, used 17280K [0x00000000d5580000, 0x00000000d6a00000, 0x0000000100000000)
  eden space 14848K, 100% used [0x00000000d5580000,0x00000000d6400000,0x00000000d6400000)
  from space 2560K, 95% used [0x00000000d6780000,0x00000000d69e0020,0x00000000d6a00000)
  to   space 3072K, 0% used [0x00000000d6400000,0x00000000d6400000,0x00000000d6700000)
 ParOldGen       total 68608K, used 58498K [0x0000000080000000, 0x0000000084300000, 0x00000000d5580000)
  object space 68608K, 85% used [0x0000000080000000,0x0000000083920800,0x0000000084300000)
 Metaspace       used 68150K, committed 69760K, reserved 1114112K
  class space    used 7196K, committed 7936K, reserved 1048576K
}
Event: 13.381 GC heap after
{Heap after GC invocations=58 (full 3):
 PSYoungGen      total 17920K, used 2724K [0x00000000d5580000, 0x00000000d6a00000, 0x0000000100000000)
  eden space 14848K, 0% used [0x00000000d5580000,0x00000000d5580000,0x00000000d6400000)
  from space 3072K, 88% used [0x00000000d6400000,0x00000000d66a93b8,0x00000000d6700000)
  to   space 3072K, 0% used [0x00000000d6700000,0x00000000d6700000,0x00000000d6a00000)
 ParOldGen       total 68608K, used 59708K [0x0000000080000000, 0x0000000084300000, 0x00000000d5580000)
  object space 68608K, 87% used [0x0000000080000000,0x0000000083a4f340,0x0000000084300000)
 Metaspace       used 68150K, committed 69760K, reserved 1114112K
  class space    used 7196K, committed 7936K, reserved 1048576K
}
Event: 13.565 GC heap before
{Heap before GC invocations=59 (full 3):
 PSYoungGen      total 17920K, used 17572K [0x00000000d5580000, 0x00000000d6a00000, 0x0000000100000000)
  eden space 14848K, 100% used [0x00000000d5580000,0x00000000d6400000,0x00000000d6400000)
  from space 3072K, 88% used [0x00000000d6400000,0x00000000d66a93b8,0x00000000d6700000)
  to   space 3072K, 0% used [0x00000000d6700000,0x00000000d6700000,0x00000000d6a00000)
 ParOldGen       total 68608K, used 59708K [0x0000000080000000, 0x0000000084300000, 0x00000000d5580000)
  object space 68608K, 87% used [0x0000000080000000,0x0000000083a4f340,0x0000000084300000)
 Metaspace       used 68255K, committed 69888K, reserved 1114112K
  class space    used 7199K, committed 7936K, reserved 1048576K
}
Event: 13.569 GC heap after
{Heap after GC invocations=59 (full 3):
 PSYoungGen      total 17920K, used 2608K [0x00000000d5580000, 0x00000000d6a00000, 0x0000000100000000)
  eden space 14848K, 0% used [0x00000000d5580000,0x00000000d5580000,0x00000000d6400000)
  from space 3072K, 84% used [0x00000000d6700000,0x00000000d698c030,0x00000000d6a00000)
  to   space 3072K, 0% used [0x00000000d6400000,0x00000000d6400000,0x00000000d6700000)
 ParOldGen       total 68608K, used 60273K [0x0000000080000000, 0x0000000084300000, 0x00000000d5580000)
  object space 68608K, 87% used [0x0000000080000000,0x0000000083adc450,0x0000000084300000)
 Metaspace       used 68255K, committed 69888K, reserved 1114112K
  class space    used 7199K, committed 7936K, reserved 1048576K
}
Event: 13.851 GC heap before
{Heap before GC invocations=60 (full 3):
 PSYoungGen      total 17920K, used 17456K [0x00000000d5580000, 0x00000000d6a00000, 0x0000000100000000)
  eden space 14848K, 100% used [0x00000000d5580000,0x00000000d6400000,0x00000000d6400000)
  from space 3072K, 84% used [0x00000000d6700000,0x00000000d698c030,0x00000000d6a00000)
  to   space 3072K, 0% used [0x00000000d6400000,0x00000000d6400000,0x00000000d6700000)
 ParOldGen       total 68608K, used 60273K [0x0000000080000000, 0x0000000084300000, 0x00000000d5580000)
  object space 68608K, 87% used [0x0000000080000000,0x0000000083adc450,0x0000000084300000)
 Metaspace       used 69175K, committed 70720K, reserved 1114112K
  class space    used 7288K, committed 8000K, reserved 1048576K
}
Event: 13.855 GC heap after
{Heap after GC invocations=60 (full 3):
 PSYoungGen      total 16384K, used 1409K [0x00000000d5580000, 0x00000000d6800000, 0x0000000100000000)
  eden space 14848K, 0% used [0x00000000d5580000,0x00000000d5580000,0x00000000d6400000)
  from space 1536K, 91% used [0x00000000d6400000,0x00000000d65606b8,0x00000000d6580000)
  to   space 2048K, 0% used [0x00000000d6600000,0x00000000d6600000,0x00000000d6800000)
 ParOldGen       total 68608K, used 61964K [0x0000000080000000, 0x0000000084300000, 0x00000000d5580000)
  object space 68608K, 90% used [0x0000000080000000,0x0000000083c83200,0x0000000084300000)
 Metaspace       used 69175K, committed 70720K, reserved 1114112K
  class space    used 7288K, committed 8000K, reserved 1048576K
}
Event: 21.442 GC heap before
{Heap before GC invocations=61 (full 3):
 PSYoungGen      total 16384K, used 16257K [0x00000000d5580000, 0x00000000d6800000, 0x0000000100000000)
  eden space 14848K, 100% used [0x00000000d5580000,0x00000000d6400000,0x00000000d6400000)
  from space 1536K, 91% used [0x00000000d6400000,0x00000000d65606b8,0x00000000d6580000)
  to   space 2048K, 0% used [0x00000000d6600000,0x00000000d6600000,0x00000000d6800000)
 ParOldGen       total 68608K, used 61964K [0x0000000080000000, 0x0000000084300000, 0x00000000d5580000)
  object space 68608K, 90% used [0x0000000080000000,0x0000000083c83200,0x0000000084300000)
 Metaspace       used 69563K, committed 71232K, reserved 1114112K
  class space    used 7306K, committed 8000K, reserved 1048576K
}
Event: 21.444 GC heap after
{Heap after GC invocations=61 (full 3):
 PSYoungGen      total 15872K, used 672K [0x00000000d5580000, 0x00000000d6700000, 0x0000000100000000)
  eden space 14848K, 0% used [0x00000000d5580000,0x00000000d5580000,0x00000000d6400000)
  from space 1024K, 65% used [0x00000000d6600000,0x00000000d66a8000,0x00000000d6700000)
  to   space 1024K, 0% used [0x00000000d6500000,0x00000000d6500000,0x00000000d6600000)
 ParOldGen       total 68608K, used 62388K [0x0000000080000000, 0x0000000084300000, 0x00000000d5580000)
  object space 68608K, 90% used [0x0000000080000000,0x0000000083ced200,0x0000000084300000)
 Metaspace       used 69563K, committed 71232K, reserved 1114112K
  class space    used 7306K, committed 8000K, reserved 1048576K
}
Event: 21.620 GC heap before
{Heap before GC invocations=62 (full 3):
 PSYoungGen      total 15872K, used 15520K [0x00000000d5580000, 0x00000000d6700000, 0x0000000100000000)
  eden space 14848K, 100% used [0x00000000d5580000,0x00000000d6400000,0x00000000d6400000)
  from space 1024K, 65% used [0x00000000d6600000,0x00000000d66a8000,0x00000000d6700000)
  to   space 1024K, 0% used [0x00000000d6500000,0x00000000d6500000,0x00000000d6600000)
 ParOldGen       total 68608K, used 62388K [0x0000000080000000, 0x0000000084300000, 0x00000000d5580000)
  object space 68608K, 90% used [0x0000000080000000,0x0000000083ced200,0x0000000084300000)
 Metaspace       used 70030K, committed 71680K, reserved 1114112K
  class space    used 7363K, committed 8064K, reserved 1048576K
}
Event: 21.623 GC heap after
{Heap after GC invocations=62 (full 3):
 PSYoungGen      total 15872K, used 1020K [0x00000000d5580000, 0x00000000d6a00000, 0x0000000100000000)
  eden space 14848K, 0% used [0x00000000d5580000,0x00000000d5580000,0x00000000d6400000)
  from space 1024K, 99% used [0x00000000d6500000,0x00000000d65ff360,0x00000000d6600000)
  to   space 3072K, 0% used [0x00000000d6700000,0x00000000d6700000,0x00000000d6a00000)
 ParOldGen       total 68608K, used 63917K [0x0000000080000000, 0x0000000084300000, 0x00000000d5580000)
  object space 68608K, 93% used [0x0000000080000000,0x0000000083e6b580,0x0000000084300000)
 Metaspace       used 70030K, committed 71680K, reserved 1114112K
  class space    used 7363K, committed 8064K, reserved 1048576K
}
Event: 21.779 GC heap before
{Heap before GC invocations=63 (full 3):
 PSYoungGen      total 15872K, used 15868K [0x00000000d5580000, 0x00000000d6a00000, 0x0000000100000000)
  eden space 14848K, 100% used [0x00000000d5580000,0x00000000d6400000,0x00000000d6400000)
  from space 1024K, 99% used [0x00000000d6500000,0x00000000d65ff360,0x00000000d6600000)
  to   space 3072K, 0% used [0x00000000d6700000,0x00000000d6700000,0x00000000d6a00000)
 ParOldGen       total 68608K, used 63917K [0x0000000080000000, 0x0000000084300000, 0x00000000d5580000)
  object space 68608K, 93% used [0x0000000080000000,0x0000000083e6b580,0x0000000084300000)
 Metaspace       used 70508K, committed 72128K, reserved 1114112K
  class space    used 7410K, committed 8128K, reserved 1048576K
}
Event: 21.786 GC heap after
{Heap after GC invocations=63 (full 3):
 PSYoungGen      total 14848K, used 3070K [0x00000000d5580000, 0x00000000d7000000, 0x0000000100000000)
  eden space 11776K, 0% used [0x00000000d5580000,0x00000000d5580000,0x00000000d6100000)
  from space 3072K, 99% used [0x00000000d6700000,0x00000000d69ffab8,0x00000000d6a00000)
  to   space 6144K, 0% used [0x00000000d6100000,0x00000000d6100000,0x00000000d6700000)
 ParOldGen       total 68608K, used 66263K [0x0000000080000000, 0x0000000084300000, 0x00000000d5580000)
  object space 68608K, 96% used [0x0000000080000000,0x00000000840b5fc0,0x0000000084300000)
 Metaspace       used 70508K, committed 72128K, reserved 1114112K
  class space    used 7410K, committed 8128K, reserved 1048576K
}

