# JRE version: OpenJDK Runtime Environment Temurin-21.0.8+9 (21.0.8+9) (build 21.0.8+9-LTS)
# Java VM: OpenJDK 64-Bit Server VM Temurin-21.0.8+9 (21.0.8+9-LTS, mixed mode, sharing, tiered, compressed oops, compressed class ptrs, parallel gc, windows-amd64)
GC Precious Log:
 CardTable entry size: 512
 CPUs: 16 total, 16 available
 Memory: 5989M
 Large Page Support: Disabled
 NUMA Support: Disabled
 Compressed Oops: Enabled (32-bit)
 Alignments: Space 512K, Generation 512K, Heap 2M
 Heap Min Capacity: 100M
 Heap Initial Capacity: 100M
 Heap Max Capacity: 2G
 Pre-touch: Disabled
 Parallel Workers: 13
Heap:
 PSYoungGen      total 17408K, used 5757K [0x00000000d5580000, 0x00000000d6b00000, 0x0000000100000000)
  eden space 13824K, 18% used [0x00000000d5580000,0x00000000d57fa240,0x00000000d6300000)
  from space 3584K, 89% used [0x00000000d6300000,0x00000000d6625458,0x00000000d6680000)
  to   space 4096K, 0% used [0x00000000d6700000,0x00000000d6700000,0x00000000d6b00000)
 ParOldGen       total 68608K, used 55039K [0x0000000080000000, 0x0000000084300000, 0x00000000d5580000)
  object space 68608K, 80% used [0x0000000080000000,0x00000000835bff38,0x0000000084300000)
 Metaspace       used 65482K, committed 67008K, reserved 1114112K
  class space    used 6908K, committed 7616K, reserved 1048576K
GC Heap History (20 events):
Event: 22.615 GC heap before
{Heap before GC invocations=47 (full 3):
 PSYoungGen      total 19968K, used 19392K [0x00000000d5580000, 0x00000000d6a00000, 0x0000000100000000)
  eden space 18944K, 100% used [0x00000000d5580000,0x00000000d6800000,0x00000000d6800000)
  from space 1024K, 43% used [0x00000000d6800000,0x00000000d6870000,0x00000000d6900000)
  to   space 512K, 0% used [0x00000000d6980000,0x00000000d6980000,0x00000000d6a00000)
 ParOldGen       total 68608K, used 45419K [0x0000000080000000, 0x0000000084300000, 0x00000000d5580000)
  object space 68608K, 66% used [0x0000000080000000,0x0000000082c5ad08,0x0000000084300000)
 Metaspace       used 63275K, committed 64768K, reserved 1114112K
  class space    used 6768K, committed 7424K, reserved 1048576K
}
Event: 22.617 GC heap after
{Heap after GC invocations=47 (full 3):
 PSYoungGen      total 19456K, used 485K [0x00000000d5580000, 0x00000000d6a00000, 0x0000000100000000)
  eden space 18944K, 0% used [0x00000000d5580000,0x00000000d5580000,0x00000000d6800000)
  from space 512K, 94% used [0x00000000d6980000,0x00000000d69f9530,0x00000000d6a00000)
  to   space 1024K, 0% used [0x00000000d6800000,0x00000000d6800000,0x00000000d6900000)
 ParOldGen       total 68608K, used 45742K [0x0000000080000000, 0x0000000084300000, 0x00000000d5580000)
  object space 68608K, 66% used [0x0000000080000000,0x0000000082cabbb0,0x0000000084300000)
 Metaspace       used 63275K, committed 64768K, reserved 1114112K
  class space    used 6768K, committed 7424K, reserved 1048576K
}
Event: 22.676 GC heap before
{Heap before GC invocations=48 (full 3):
 PSYoungGen      total 19456K, used 19429K [0x00000000d5580000, 0x00000000d6a00000, 0x0000000100000000)
  eden space 18944K, 100% used [0x00000000d5580000,0x00000000d6800000,0x00000000d6800000)
  from space 512K, 94% used [0x00000000d6980000,0x00000000d69f9530,0x00000000d6a00000)
  to   space 1024K, 0% used [0x00000000d6800000,0x00000000d6800000,0x00000000d6900000)
 ParOldGen       total 68608K, used 45742K [0x0000000080000000, 0x0000000084300000, 0x00000000d5580000)
  object space 68608K, 66% used [0x0000000080000000,0x0000000082cabbb0,0x0000000084300000)
 Metaspace       used 63336K, committed 64768K, reserved 1114112K
  class space    used 6774K, committed 7424K, reserved 1048576K
}
Event: 22.680 GC heap after
{Heap after GC invocations=48 (full 3):
 PSYoungGen      total 19968K, used 480K [0x00000000d5580000, 0x00000000d6a00000, 0x0000000100000000)
  eden space 18944K, 0% used [0x00000000d5580000,0x00000000d5580000,0x00000000d6800000)
  from space 1024K, 46% used [0x00000000d6800000,0x00000000d6878000,0x00000000d6900000)
  to   space 1024K, 0% used [0x00000000d6900000,0x00000000d6900000,0x00000000d6a00000)
 ParOldGen       total 68608K, used 46062K [0x0000000080000000, 0x0000000084300000, 0x00000000d5580000)
  object space 68608K, 67% used [0x0000000080000000,0x0000000082cfb8e8,0x0000000084300000)
 Metaspace       used 63336K, committed 64768K, reserved 1114112K
  class space    used 6774K, committed 7424K, reserved 1048576K
}
Event: 22.727 GC heap before
{Heap before GC invocations=49 (full 3):
 PSYoungGen      total 19968K, used 19424K [0x00000000d5580000, 0x00000000d6a00000, 0x0000000100000000)
  eden space 18944K, 100% used [0x00000000d5580000,0x00000000d6800000,0x00000000d6800000)
  from space 1024K, 46% used [0x00000000d6800000,0x00000000d6878000,0x00000000d6900000)
  to   space 1024K, 0% used [0x00000000d6900000,0x00000000d6900000,0x00000000d6a00000)
 ParOldGen       total 68608K, used 46062K [0x0000000080000000, 0x0000000084300000, 0x00000000d5580000)
  object space 68608K, 67% used [0x0000000080000000,0x0000000082cfb8e8,0x0000000084300000)
 Metaspace       used 63336K, committed 64768K, reserved 1114112K
  class space    used 6774K, committed 7424K, reserved 1048576K
}
Event: 22.732 GC heap after
{Heap after GC invocations=49 (full 3):
 PSYoungGen      total 19456K, used 480K [0x00000000d5580000, 0x00000000d6980000, 0x0000000100000000)
  eden space 18944K, 0% used [0x00000000d5580000,0x00000000d5580000,0x00000000d6800000)
  from space 512K, 93% used [0x00000000d6900000,0x00000000d6978000,0x00000000d6980000)
  to   space 512K, 0% used [0x00000000d6880000,0x00000000d6880000,0x00000000d6900000)
 ParOldGen       total 68608K, used 46174K [0x0000000080000000, 0x0000000084300000, 0x00000000d5580000)
  object space 68608K, 67% used [0x0000000080000000,0x0000000082d178e8,0x0000000084300000)
 Metaspace       used 63336K, committed 64768K, reserved 1114112K
  class space    used 6774K, committed 7424K, reserved 1048576K
}
Event: 22.777 GC heap before
{Heap before GC invocations=50 (full 3):
 PSYoungGen      total 19456K, used 19424K [0x00000000d5580000, 0x00000000d6980000, 0x0000000100000000)
  eden space 18944K, 100% used [0x00000000d5580000,0x00000000d6800000,0x00000000d6800000)
  from space 512K, 93% used [0x00000000d6900000,0x00000000d6978000,0x00000000d6980000)
  to   space 512K, 0% used [0x00000000d6880000,0x00000000d6880000,0x00000000d6900000)
 ParOldGen       total 68608K, used 46174K [0x0000000080000000, 0x0000000084300000, 0x00000000d5580000)
  object space 68608K, 67% used [0x0000000080000000,0x0000000082d178e8,0x0000000084300000)
 Metaspace       used 63413K, committed 64896K, reserved 1114112K
  class space    used 6775K, committed 7424K, reserved 1048576K
}
Event: 22.779 GC heap after
{Heap after GC invocations=50 (full 3):
 PSYoungGen      total 19456K, used 448K [0x00000000d5580000, 0x00000000d6980000, 0x0000000100000000)
  eden space 18944K, 0% used [0x00000000d5580000,0x00000000d5580000,0x00000000d6800000)
  from space 512K, 87% used [0x00000000d6880000,0x00000000d68f0000,0x00000000d6900000)
  to   space 512K, 0% used [0x00000000d6900000,0x00000000d6900000,0x00000000d6980000)
 ParOldGen       total 68608K, used 46326K [0x0000000080000000, 0x0000000084300000, 0x00000000d5580000)
  object space 68608K, 67% used [0x0000000080000000,0x0000000082d3d8e8,0x0000000084300000)
 Metaspace       used 63413K, committed 64896K, reserved 1114112K
  class space    used 6775K, committed 7424K, reserved 1048576K
}
Event: 22.811 GC heap before
{Heap before GC invocations=51 (full 3):
 PSYoungGen      total 19456K, used 19392K [0x00000000d5580000, 0x00000000d6980000, 0x0000000100000000)
  eden space 18944K, 100% used [0x00000000d5580000,0x00000000d6800000,0x00000000d6800000)
  from space 512K, 87% used [0x00000000d6880000,0x00000000d68f0000,0x00000000d6900000)
  to   space 512K, 0% used [0x00000000d6900000,0x00000000d6900000,0x00000000d6980000)
 ParOldGen       total 68608K, used 46326K [0x0000000080000000, 0x0000000084300000, 0x00000000d5580000)
  object space 68608K, 67% used [0x0000000080000000,0x0000000082d3d8e8,0x0000000084300000)
 Metaspace       used 63466K, committed 64896K, reserved 1114112K
  class space    used 6783K, committed 7424K, reserved 1048576K
}
Event: 22.812 GC heap after
{Heap after GC invocations=51 (full 3):
 PSYoungGen      total 19456K, used 384K [0x00000000d5580000, 0x00000000d6980000, 0x0000000100000000)
  eden space 18944K, 0% used [0x00000000d5580000,0x00000000d5580000,0x00000000d6800000)
  from space 512K, 75% used [0x00000000d6900000,0x00000000d6960000,0x00000000d6980000)
  to   space 512K, 0% used [0x00000000d6880000,0x00000000d6880000,0x00000000d6900000)
 ParOldGen       total 68608K, used 46514K [0x0000000080000000, 0x0000000084300000, 0x00000000d5580000)
  object space 68608K, 67% used [0x0000000080000000,0x0000000082d6cae8,0x0000000084300000)
 Metaspace       used 63466K, committed 64896K, reserved 1114112K
  class space    used 6783K, committed 7424K, reserved 1048576K
}
Event: 22.850 GC heap before
{Heap before GC invocations=52 (full 3):
 PSYoungGen      total 19456K, used 19328K [0x00000000d5580000, 0x00000000d6980000, 0x0000000100000000)
  eden space 18944K, 100% used [0x00000000d5580000,0x00000000d6800000,0x00000000d6800000)
  from space 512K, 75% used [0x00000000d6900000,0x00000000d6960000,0x00000000d6980000)
  to   space 512K, 0% used [0x00000000d6880000,0x00000000d6880000,0x00000000d6900000)
 ParOldGen       total 68608K, used 46514K [0x0000000080000000, 0x0000000084300000, 0x00000000d5580000)
  object space 68608K, 67% used [0x0000000080000000,0x0000000082d6cae8,0x0000000084300000)
 Metaspace       used 63513K, committed 64960K, reserved 1114112K
  class space    used 6788K, committed 7424K, reserved 1048576K
}
Event: 22.852 GC heap after
{Heap after GC invocations=52 (full 3):
 PSYoungGen      total 19456K, used 416K [0x00000000d5580000, 0x00000000d6980000, 0x0000000100000000)
  eden space 18944K, 0% used [0x00000000d5580000,0x00000000d5580000,0x00000000d6800000)
  from space 512K, 81% used [0x00000000d6880000,0x00000000d68e8000,0x00000000d6900000)
  to   space 512K, 0% used [0x00000000d6900000,0x00000000d6900000,0x00000000d6980000)
 ParOldGen       total 68608K, used 46746K [0x0000000080000000, 0x0000000084300000, 0x00000000d5580000)
  object space 68608K, 68% used [0x0000000080000000,0x0000000082da6ae8,0x0000000084300000)
 Metaspace       used 63513K, committed 64960K, reserved 1114112K
  class space    used 6788K, committed 7424K, reserved 1048576K
}
Event: 23.051 GC heap before
{Heap before GC invocations=53 (full 3):
 PSYoungGen      total 19456K, used 19360K [0x00000000d5580000, 0x00000000d6980000, 0x0000000100000000)
  eden space 18944K, 100% used [0x00000000d5580000,0x00000000d6800000,0x00000000d6800000)
  from space 512K, 81% used [0x00000000d6880000,0x00000000d68e8000,0x00000000d6900000)
  to   space 512K, 0% used [0x00000000d6900000,0x00000000d6900000,0x00000000d6980000)
 ParOldGen       total 68608K, used 46746K [0x0000000080000000, 0x0000000084300000, 0x00000000d5580000)
  object space 68608K, 68% used [0x0000000080000000,0x0000000082da6ae8,0x0000000084300000)
 Metaspace       used 63747K, committed 65216K, reserved 1114112K
  class space    used 6814K, committed 7488K, reserved 1048576K
}
Event: 23.055 GC heap after
{Heap after GC invocations=53 (full 3):
 PSYoungGen      total 16896K, used 512K [0x00000000d5580000, 0x00000000d6f00000, 0x0000000100000000)
  eden space 16384K, 0% used [0x00000000d5580000,0x00000000d5580000,0x00000000d6580000)
  from space 512K, 100% used [0x00000000d6900000,0x00000000d6980000,0x00000000d6980000)
  to   space 3584K, 0% used [0x00000000d6580000,0x00000000d6580000,0x00000000d6900000)
 ParOldGen       total 68608K, used 49086K [0x0000000080000000, 0x0000000084300000, 0x00000000d5580000)
  object space 68608K, 71% used [0x0000000080000000,0x0000000082fefa08,0x0000000084300000)
 Metaspace       used 63747K, committed 65216K, reserved 1114112K
  class space    used 6814K, committed 7488K, reserved 1048576K
}
Event: 23.365 GC heap before
{Heap before GC invocations=54 (full 3):
 PSYoungGen      total 16896K, used 16895K [0x00000000d5580000, 0x00000000d6f00000, 0x0000000100000000)
  eden space 16384K, 99% used [0x00000000d5580000,0x00000000d657fde0,0x00000000d6580000)
  from space 512K, 100% used [0x00000000d6900000,0x00000000d6980000,0x00000000d6980000)
  to   space 3584K, 0% used [0x00000000d6580000,0x00000000d6580000,0x00000000d6900000)
 ParOldGen       total 68608K, used 49086K [0x0000000080000000, 0x0000000084300000, 0x00000000d5580000)
  object space 68608K, 71% used [0x0000000080000000,0x0000000082fefa08,0x0000000084300000)
 Metaspace       used 64768K, committed 66304K, reserved 1114112K
  class space    used 6881K, committed 7552K, reserved 1048576K
}
Event: 23.370 GC heap after
{Heap after GC invocations=54 (full 3):
 PSYoungGen      total 19968K, used 3002K [0x00000000d5580000, 0x00000000d6c80000, 0x0000000100000000)
  eden space 16384K, 0% used [0x00000000d5580000,0x00000000d5580000,0x00000000d6580000)
  from space 3584K, 83% used [0x00000000d6580000,0x00000000d686e948,0x00000000d6900000)
  to   space 3584K, 0% used [0x00000000d6900000,0x00000000d6900000,0x00000000d6c80000)
 ParOldGen       total 68608K, used 49640K [0x0000000080000000, 0x0000000084300000, 0x00000000d5580000)
  object space 68608K, 72% used [0x0000000080000000,0x000000008307a280,0x0000000084300000)
 Metaspace       used 64768K, committed 66304K, reserved 1114112K
  class space    used 6881K, committed 7552K, reserved 1048576K
}
Event: 23.698 GC heap before
{Heap before GC invocations=55 (full 3):
 PSYoungGen      total 19968K, used 19386K [0x00000000d5580000, 0x00000000d6c80000, 0x0000000100000000)
  eden space 16384K, 100% used [0x00000000d5580000,0x00000000d6580000,0x00000000d6580000)
  from space 3584K, 83% used [0x00000000d6580000,0x00000000d686e948,0x00000000d6900000)
  to   space 3584K, 0% used [0x00000000d6900000,0x00000000d6900000,0x00000000d6c80000)
 ParOldGen       total 68608K, used 49640K [0x0000000080000000, 0x0000000084300000, 0x00000000d5580000)
  object space 68608K, 72% used [0x0000000080000000,0x000000008307a280,0x0000000084300000)
 Metaspace       used 65245K, committed 66688K, reserved 1114112K
  class space    used 6901K, committed 7552K, reserved 1048576K
}
Event: 23.704 GC heap after
{Heap after GC invocations=55 (full 3):
 PSYoungGen      total 17408K, used 3577K [0x00000000d5580000, 0x00000000d7180000, 0x0000000100000000)
  eden space 13824K, 0% used [0x00000000d5580000,0x00000000d5580000,0x00000000d6300000)
  from space 3584K, 99% used [0x00000000d6900000,0x00000000d6c7e738,0x00000000d6c80000)
  to   space 6144K, 0% used [0x00000000d6300000,0x00000000d6300000,0x00000000d6900000)
 ParOldGen       total 68608K, used 51392K [0x0000000080000000, 0x0000000084300000, 0x00000000d5580000)
  object space 68608K, 74% used [0x0000000080000000,0x00000000832302a8,0x0000000084300000)
 Metaspace       used 65245K, committed 66688K, reserved 1114112K
  class space    used 6901K, committed 7552K, reserved 1048576K
}
Event: 23.888 GC heap before
{Heap before GC invocations=56 (full 3):
 PSYoungGen      total 17408K, used 17401K [0x00000000d5580000, 0x00000000d7180000, 0x0000000100000000)
  eden space 13824K, 100% used [0x00000000d5580000,0x00000000d6300000,0x00000000d6300000)
  from space 3584K, 99% used [0x00000000d6900000,0x00000000d6c7e738,0x00000000d6c80000)
  to   space 6144K, 0% used [0x00000000d6300000,0x00000000d6300000,0x00000000d6900000)
 ParOldGen       total 68608K, used 51392K [0x0000000080000000, 0x0000000084300000, 0x00000000d5580000)
  object space 68608K, 74% used [0x0000000080000000,0x00000000832302a8,0x0000000084300000)
 Metaspace       used 65426K, committed 66880K, reserved 1114112K
  class space    used 6906K, committed 7552K, reserved 1048576K
}
Event: 23.895 GC heap after
{Heap after GC invocations=56 (full 3):
 PSYoungGen      total 17408K, used 3221K [0x00000000d5580000, 0x00000000d6b00000, 0x0000000100000000)
  eden space 13824K, 0% used [0x00000000d5580000,0x00000000d5580000,0x00000000d6300000)
  from space 3584K, 89% used [0x00000000d6300000,0x00000000d6625458,0x00000000d6680000)
  to   space 4096K, 0% used [0x00000000d6700000,0x00000000d6700000,0x00000000d6b00000)
 ParOldGen       total 68608K, used 55039K [0x0000000080000000, 0x0000000084300000, 0x00000000d5580000)
  object space 68608K, 80% used [0x0000000080000000,0x00000000835bff38,0x0000000084300000)
 Metaspace       used 65426K, committed 66880K, reserved 1114112K
  class space    used 6906K, committed 7552K, reserved 1048576K
}

