# JRE version: Java(TM) SE Runtime Environment (17.0.12+8) (build 17.0.12+8-LTS-286)
# Java VM: Java HotSpot(TM) 64-Bit Server VM (17.0.12+8-LTS-286, mixed mode, sharing, tiered, compressed oops, compressed class ptrs, g1 gc, windows-amd64)
GC Precious Log:
 CPUs: 16 total, 16 available
 Memory: 5989M
 Large Page Support: Disabled
 NUMA Support: Disabled
 Compressed Oops: Enabled (32-bit)
 Heap Region Size: 1M
 Heap Min Capacity: 8M
 Heap Initial Capacity: 94M
 Heap Max Capacity: 1498M
 Pre-touch: Disabled
 Parallel Workers: 13
 Concurrent Workers: 3
 Concurrent Refinement Workers: 13
 Periodic GC: Disabled
Heap:
 garbage-first heap   total 47104K, used 23552K [0x00000000a2600000, 0x0000000100000000)
  region size 1024K, 2 young (2048K), 2 survivors (2048K)
 Metaspace       used 26462K, committed 26752K, reserved 1114112K
  class space    used 3120K, committed 3264K, reserved 1048576K
GC Heap History (13 events):
Event: 1.251 GC heap before
{Heap before GC invocations=0 (full 0):
 garbage-first heap   total 96256K, used 23552K [0x00000000a2600000, 0x0000000100000000)
  region size 1024K, 23 young (23552K), 0 survivors (0K)
 Metaspace       used 5440K, committed 5632K, reserved 1114112K
  class space    used 655K, committed 768K, reserved 1048576K
}
Event: 1.260 GC heap after
{Heap after GC invocations=1 (full 0):
 garbage-first heap   total 96256K, used 3696K [0x00000000a2600000, 0x0000000100000000)
  region size 1024K, 3 young (3072K), 3 survivors (3072K)
 Metaspace       used 5440K, committed 5632K, reserved 1114112K
  class space    used 655K, committed 768K, reserved 1048576K
}
Event: 2.012 GC heap before
{Heap before GC invocations=1 (full 0):
 garbage-first heap   total 96256K, used 35440K [0x00000000a2600000, 0x0000000100000000)
  region size 1024K, 34 young (34816K), 3 survivors (3072K)
 Metaspace       used 9407K, committed 9600K, reserved 1114112K
  class space    used 1137K, committed 1216K, reserved 1048576K
}
Event: 2.022 GC heap after
{Heap after GC invocations=2 (full 0):
 garbage-first heap   total 96256K, used 5281K [0x00000000a2600000, 0x0000000100000000)
  region size 1024K, 2 young (2048K), 2 survivors (2048K)
 Metaspace       used 9407K, committed 9600K, reserved 1114112K
  class space    used 1137K, committed 1216K, reserved 1048576K
}
Event: 4.105 GC heap before
{Heap before GC invocations=2 (full 0):
 garbage-first heap   total 96256K, used 60577K [0x00000000a2600000, 0x0000000100000000)
  region size 1024K, 56 young (57344K), 2 survivors (2048K)
 Metaspace       used 16111K, committed 16320K, reserved 1114112K
  class space    used 1942K, committed 2048K, reserved 1048576K
}
Event: 4.118 GC heap after
{Heap after GC invocations=3 (full 0):
 garbage-first heap   total 96256K, used 9519K [0x00000000a2600000, 0x0000000100000000)
  region size 1024K, 6 young (6144K), 6 survivors (6144K)
 Metaspace       used 16111K, committed 16320K, reserved 1114112K
  class space    used 1942K, committed 2048K, reserved 1048576K
}
Event: 6.154 GC heap before
{Heap before GC invocations=3 (full 0):
 garbage-first heap   total 96256K, used 31023K [0x00000000a2600000, 0x0000000100000000)
  region size 1024K, 28 young (28672K), 6 survivors (6144K)
 Metaspace       used 21243K, committed 21504K, reserved 1114112K
  class space    used 2566K, committed 2688K, reserved 1048576K
}
Event: 6.166 GC heap after
{Heap after GC invocations=4 (full 0):
 garbage-first heap   total 96256K, used 11358K [0x00000000a2600000, 0x0000000100000000)
  region size 1024K, 2 young (2048K), 2 survivors (2048K)
 Metaspace       used 21243K, committed 21504K, reserved 1114112K
  class space    used 2566K, committed 2688K, reserved 1048576K
}
Event: 6.754 GC heap before
{Heap before GC invocations=5 (full 0):
 garbage-first heap   total 45056K, used 35934K [0x00000000a2600000, 0x0000000100000000)
  region size 1024K, 26 young (26624K), 2 survivors (2048K)
 Metaspace       used 25228K, committed 25536K, reserved 1114112K
  class space    used 2973K, committed 3136K, reserved 1048576K
}
Event: 6.769 GC heap after
{Heap after GC invocations=6 (full 0):
 garbage-first heap   total 47104K, used 19386K [0x00000000a2600000, 0x0000000100000000)
  region size 1024K, 4 young (4096K), 4 survivors (4096K)
 Metaspace       used 25228K, committed 25536K, reserved 1114112K
  class space    used 2973K, committed 3136K, reserved 1048576K
}
Event: 6.774 GC heap before
{Heap before GC invocations=6 (full 0):
 garbage-first heap   total 47104K, used 20410K [0x00000000a2600000, 0x0000000100000000)
  region size 1024K, 5 young (5120K), 4 survivors (4096K)
 Metaspace       used 25229K, committed 25536K, reserved 1114112K
  class space    used 2973K, committed 3136K, reserved 1048576K
}
Event: 6.781 GC heap after
{Heap after GC invocations=7 (full 0):
 garbage-first heap   total 47104K, used 20040K [0x00000000a2600000, 0x0000000100000000)
  region size 1024K, 1 young (1024K), 1 survivors (1024K)
 Metaspace       used 25229K, committed 25536K, reserved 1114112K
  class space    used 2973K, committed 3136K, reserved 1048576K
}
Event: 7.117 GC heap before
{Heap before GC invocations=7 (full 0):
 garbage-first heap   total 47104K, used 35400K [0x00000000a2600000, 0x0000000100000000)
  region size 1024K, 15 young (15360K), 1 survivors (1024K)
 Metaspace       used 26462K, committed 26752K, reserved 1114112K
  class space    used 3120K, committed 3264K, reserved 1048576K
}

