# JRE version: OpenJDK Runtime Environment Temurin-21.0.8+9 (21.0.8+9) (build 21.0.8+9-LTS)
# Java VM: OpenJDK 64-Bit Server VM Temurin-21.0.8+9 (21.0.8+9-LTS, mixed mode, sharing, tiered, compressed oops, compressed class ptrs, parallel gc, windows-amd64)
GC Precious Log:
 CardTable entry size: 512
 CPUs: 16 total, 16 available
 Memory: 5989M
 Large Page Support: Disabled
 NUMA Support: Disabled
 Compressed Oops: Enabled (32-bit)
 Alignments: Space 512K, Generation 512K, Heap 2M
 Heap Min Capacity: 100M
 Heap Initial Capacity: 100M
 Heap Max Capacity: 2G
 Pre-touch: Disabled
 Parallel Workers: 13
Heap:
 PSYoungGen      total 14336K, used 14207K [0x00000000d5580000, 0x00000000d6700000, 0x0000000100000000)
  eden space 13824K, 99% used [0x00000000d5580000,0x00000000d62dfe10,0x00000000d6300000)
  from space 512K, 100% used [0x00000000d6400000,0x00000000d6480000,0x00000000d6480000)
  to   space 2048K, 0% used [0x00000000d6500000,0x00000000d6500000,0x00000000d6700000)
 ParOldGen       total 538112K, used 138909K [0x0000000080000000, 0x00000000a0d80000, 0x00000000d5580000)
  object space 538112K, 25% used [0x0000000080000000,0x00000000887a76f8,0x00000000a0d80000)
 Metaspace       used 90010K, committed 91776K, reserved 1179648K
  class space    used 9131K, committed 9984K, reserved 1048576K
GC Heap History (20 events):
Event: 4589.177 GC heap before
{Heap before GC invocations=951 (full 5):
 PSYoungGen      total 14848K, used 14840K [0x00000000d5580000, 0x00000000d6a00000, 0x0000000100000000)
  eden space 13824K, 99% used [0x00000000d5580000,0x00000000d62ffff8,0x00000000d6300000)
  from space 1024K, 99% used [0x00000000d6380000,0x00000000d647e208,0x00000000d6480000)
  to   space 3584K, 0% used [0x00000000d6680000,0x00000000d6680000,0x00000000d6a00000)
 ParOldGen       total 538112K, used 132650K [0x0000000080000000, 0x00000000a0d80000, 0x00000000d5580000)
  object space 538112K, 24% used [0x0000000080000000,0x000000008818ab28,0x00000000a0d80000)
 Metaspace       used 89769K, committed 91520K, reserved 1179648K
  class space    used 9121K, committed 9984K, reserved 1048576K
}
Event: 4589.183 GC heap after
{Heap after GC invocations=951 (full 5):
 PSYoungGen      total 16384K, used 2112K [0x00000000d5580000, 0x00000000d6900000, 0x0000000100000000)
  eden space 13824K, 0% used [0x00000000d5580000,0x00000000d5580000,0x00000000d6300000)
  from space 2560K, 82% used [0x00000000d6680000,0x00000000d6890020,0x00000000d6900000)
  to   space 2560K, 0% used [0x00000000d6400000,0x00000000d6400000,0x00000000d6680000)
 ParOldGen       total 538112K, used 133706K [0x0000000080000000, 0x00000000a0d80000, 0x00000000d5580000)
  object space 538112K, 24% used [0x0000000080000000,0x0000000088292b78,0x00000000a0d80000)
 Metaspace       used 89769K, committed 91520K, reserved 1179648K
  class space    used 9121K, committed 9984K, reserved 1048576K
}
Event: 4589.204 GC heap before
{Heap before GC invocations=952 (full 5):
 PSYoungGen      total 16384K, used 15936K [0x00000000d5580000, 0x00000000d6900000, 0x0000000100000000)
  eden space 13824K, 100% used [0x00000000d5580000,0x00000000d6300000,0x00000000d6300000)
  from space 2560K, 82% used [0x00000000d6680000,0x00000000d6890020,0x00000000d6900000)
  to   space 2560K, 0% used [0x00000000d6400000,0x00000000d6400000,0x00000000d6680000)
 ParOldGen       total 538112K, used 133706K [0x0000000080000000, 0x00000000a0d80000, 0x00000000d5580000)
  object space 538112K, 24% used [0x0000000080000000,0x0000000088292b78,0x00000000a0d80000)
 Metaspace       used 89771K, committed 91520K, reserved 1179648K
  class space    used 9121K, committed 9984K, reserved 1048576K
}
Event: 4589.212 GC heap after
{Heap after GC invocations=952 (full 5):
 PSYoungGen      total 14848K, used 576K [0x00000000d5580000, 0x00000000d6700000, 0x0000000100000000)
  eden space 13824K, 0% used [0x00000000d5580000,0x00000000d5580000,0x00000000d6300000)
  from space 1024K, 56% used [0x00000000d6400000,0x00000000d6490000,0x00000000d6500000)
  to   space 1536K, 0% used [0x00000000d6580000,0x00000000d6580000,0x00000000d6700000)
 ParOldGen       total 538112K, used 135586K [0x0000000080000000, 0x00000000a0d80000, 0x00000000d5580000)
  object space 538112K, 25% used [0x0000000080000000,0x0000000088468ba0,0x00000000a0d80000)
 Metaspace       used 89771K, committed 91520K, reserved 1179648K
  class space    used 9121K, committed 9984K, reserved 1048576K
}
Event: 4589.244 GC heap before
{Heap before GC invocations=953 (full 5):
 PSYoungGen      total 14848K, used 14400K [0x00000000d5580000, 0x00000000d6700000, 0x0000000100000000)
  eden space 13824K, 100% used [0x00000000d5580000,0x00000000d6300000,0x00000000d6300000)
  from space 1024K, 56% used [0x00000000d6400000,0x00000000d6490000,0x00000000d6500000)
  to   space 1536K, 0% used [0x00000000d6580000,0x00000000d6580000,0x00000000d6700000)
 ParOldGen       total 538112K, used 135586K [0x0000000080000000, 0x00000000a0d80000, 0x00000000d5580000)
  object space 538112K, 25% used [0x0000000080000000,0x0000000088468ba0,0x00000000a0d80000)
 Metaspace       used 89776K, committed 91520K, reserved 1179648K
  class space    used 9121K, committed 9984K, reserved 1048576K
}
Event: 4589.246 GC heap after
{Heap after GC invocations=953 (full 5):
 PSYoungGen      total 14336K, used 448K [0x00000000d5580000, 0x00000000d6600000, 0x0000000100000000)
  eden space 13824K, 0% used [0x00000000d5580000,0x00000000d5580000,0x00000000d6300000)
  from space 512K, 87% used [0x00000000d6580000,0x00000000d65f0000,0x00000000d6600000)
  to   space 1024K, 0% used [0x00000000d6400000,0x00000000d6400000,0x00000000d6500000)
 ParOldGen       total 538112K, used 135722K [0x0000000080000000, 0x00000000a0d80000, 0x00000000d5580000)
  object space 538112K, 25% used [0x0000000080000000,0x000000008848aba0,0x00000000a0d80000)
 Metaspace       used 89776K, committed 91520K, reserved 1179648K
  class space    used 9121K, committed 9984K, reserved 1048576K
}
Event: 4589.275 GC heap before
{Heap before GC invocations=954 (full 5):
 PSYoungGen      total 14336K, used 14272K [0x00000000d5580000, 0x00000000d6600000, 0x0000000100000000)
  eden space 13824K, 100% used [0x00000000d5580000,0x00000000d6300000,0x00000000d6300000)
  from space 512K, 87% used [0x00000000d6580000,0x00000000d65f0000,0x00000000d6600000)
  to   space 1024K, 0% used [0x00000000d6400000,0x00000000d6400000,0x00000000d6500000)
 ParOldGen       total 538112K, used 135722K [0x0000000080000000, 0x00000000a0d80000, 0x00000000d5580000)
  object space 538112K, 25% used [0x0000000080000000,0x000000008848aba0,0x00000000a0d80000)
 Metaspace       used 89777K, committed 91520K, reserved 1179648K
  class space    used 9121K, committed 9984K, reserved 1048576K
}
Event: 4589.278 GC heap after
{Heap after GC invocations=954 (full 5):
 PSYoungGen      total 14848K, used 679K [0x00000000d5580000, 0x00000000d6600000, 0x0000000100000000)
  eden space 13824K, 0% used [0x00000000d5580000,0x00000000d5580000,0x00000000d6300000)
  from space 1024K, 66% used [0x00000000d6400000,0x00000000d64a9cb8,0x00000000d6500000)
  to   space 1024K, 0% used [0x00000000d6500000,0x00000000d6500000,0x00000000d6600000)
 ParOldGen       total 538112K, used 135966K [0x0000000080000000, 0x00000000a0d80000, 0x00000000d5580000)
  object space 538112K, 25% used [0x0000000080000000,0x00000000884c7bb0,0x00000000a0d80000)
 Metaspace       used 89777K, committed 91520K, reserved 1179648K
  class space    used 9121K, committed 9984K, reserved 1048576K
}
Event: 4589.304 GC heap before
{Heap before GC invocations=955 (full 5):
 PSYoungGen      total 14848K, used 14503K [0x00000000d5580000, 0x00000000d6600000, 0x0000000100000000)
  eden space 13824K, 100% used [0x00000000d5580000,0x00000000d6300000,0x00000000d6300000)
  from space 1024K, 66% used [0x00000000d6400000,0x00000000d64a9cb8,0x00000000d6500000)
  to   space 1024K, 0% used [0x00000000d6500000,0x00000000d6500000,0x00000000d6600000)
 ParOldGen       total 538112K, used 135966K [0x0000000080000000, 0x00000000a0d80000, 0x00000000d5580000)
  object space 538112K, 25% used [0x0000000080000000,0x00000000884c7bb0,0x00000000a0d80000)
 Metaspace       used 89797K, committed 91520K, reserved 1179648K
  class space    used 9121K, committed 9984K, reserved 1048576K
}
Event: 4589.307 GC heap after
{Heap after GC invocations=955 (full 5):
 PSYoungGen      total 14848K, used 576K [0x00000000d5580000, 0x00000000d6600000, 0x0000000100000000)
  eden space 13824K, 0% used [0x00000000d5580000,0x00000000d5580000,0x00000000d6300000)
  from space 1024K, 56% used [0x00000000d6500000,0x00000000d6590000,0x00000000d6600000)
  to   space 1024K, 0% used [0x00000000d6400000,0x00000000d6400000,0x00000000d6500000)
 ParOldGen       total 538112K, used 136480K [0x0000000080000000, 0x00000000a0d80000, 0x00000000d5580000)
  object space 538112K, 25% used [0x0000000080000000,0x00000000885482c0,0x00000000a0d80000)
 Metaspace       used 89797K, committed 91520K, reserved 1179648K
  class space    used 9121K, committed 9984K, reserved 1048576K
}
Event: 4589.338 GC heap before
{Heap before GC invocations=956 (full 5):
 PSYoungGen      total 14848K, used 14400K [0x00000000d5580000, 0x00000000d6600000, 0x0000000100000000)
  eden space 13824K, 100% used [0x00000000d5580000,0x00000000d6300000,0x00000000d6300000)
  from space 1024K, 56% used [0x00000000d6500000,0x00000000d6590000,0x00000000d6600000)
  to   space 1024K, 0% used [0x00000000d6400000,0x00000000d6400000,0x00000000d6500000)
 ParOldGen       total 538112K, used 136480K [0x0000000080000000, 0x00000000a0d80000, 0x00000000d5580000)
  object space 538112K, 25% used [0x0000000080000000,0x00000000885482c0,0x00000000a0d80000)
 Metaspace       used 89799K, committed 91520K, reserved 1179648K
  class space    used 9121K, committed 9984K, reserved 1048576K
}
Event: 4589.340 GC heap after
{Heap after GC invocations=956 (full 5):
 PSYoungGen      total 14848K, used 736K [0x00000000d5580000, 0x00000000d6580000, 0x0000000100000000)
  eden space 13824K, 0% used [0x00000000d5580000,0x00000000d5580000,0x00000000d6300000)
  from space 1024K, 71% used [0x00000000d6400000,0x00000000d64b8000,0x00000000d6500000)
  to   space 512K, 0% used [0x00000000d6500000,0x00000000d6500000,0x00000000d6580000)
 ParOldGen       total 538112K, used 136762K [0x0000000080000000, 0x00000000a0d80000, 0x00000000d5580000)
  object space 538112K, 25% used [0x0000000080000000,0x000000008858eb18,0x00000000a0d80000)
 Metaspace       used 89799K, committed 91520K, reserved 1179648K
  class space    used 9121K, committed 9984K, reserved 1048576K
}
Event: 4589.359 GC heap before
{Heap before GC invocations=957 (full 5):
 PSYoungGen      total 14848K, used 14560K [0x00000000d5580000, 0x00000000d6580000, 0x0000000100000000)
  eden space 13824K, 100% used [0x00000000d5580000,0x00000000d6300000,0x00000000d6300000)
  from space 1024K, 71% used [0x00000000d6400000,0x00000000d64b8000,0x00000000d6500000)
  to   space 512K, 0% used [0x00000000d6500000,0x00000000d6500000,0x00000000d6580000)
 ParOldGen       total 538112K, used 136762K [0x0000000080000000, 0x00000000a0d80000, 0x00000000d5580000)
  object space 538112K, 25% used [0x0000000080000000,0x000000008858eb18,0x00000000a0d80000)
 Metaspace       used 89902K, committed 91648K, reserved 1179648K
  class space    used 9123K, committed 9984K, reserved 1048576K
}
Event: 4589.362 GC heap after
{Heap after GC invocations=957 (full 5):
 PSYoungGen      total 14336K, used 421K [0x00000000d5580000, 0x00000000d6580000, 0x0000000100000000)
  eden space 13824K, 0% used [0x00000000d5580000,0x00000000d5580000,0x00000000d6300000)
  from space 512K, 82% used [0x00000000d6500000,0x00000000d6569420,0x00000000d6580000)
  to   space 1024K, 0% used [0x00000000d6380000,0x00000000d6380000,0x00000000d6480000)
 ParOldGen       total 538112K, used 137223K [0x0000000080000000, 0x00000000a0d80000, 0x00000000d5580000)
  object space 538112K, 25% used [0x0000000080000000,0x0000000088601d18,0x00000000a0d80000)
 Metaspace       used 89902K, committed 91648K, reserved 1179648K
  class space    used 9123K, committed 9984K, reserved 1048576K
}
Event: 4589.396 GC heap before
{Heap before GC invocations=958 (full 5):
 PSYoungGen      total 14336K, used 14245K [0x00000000d5580000, 0x00000000d6580000, 0x0000000100000000)
  eden space 13824K, 100% used [0x00000000d5580000,0x00000000d6300000,0x00000000d6300000)
  from space 512K, 82% used [0x00000000d6500000,0x00000000d6569420,0x00000000d6580000)
  to   space 1024K, 0% used [0x00000000d6380000,0x00000000d6380000,0x00000000d6480000)
 ParOldGen       total 538112K, used 137223K [0x0000000080000000, 0x00000000a0d80000, 0x00000000d5580000)
  object space 538112K, 25% used [0x0000000080000000,0x0000000088601d18,0x00000000a0d80000)
 Metaspace       used 89963K, committed 91712K, reserved 1179648K
  class space    used 9129K, committed 9984K, reserved 1048576K
}
Event: 4589.399 GC heap after
{Heap after GC invocations=958 (full 5):
 PSYoungGen      total 14848K, used 568K [0x00000000d5580000, 0x00000000d6580000, 0x0000000100000000)
  eden space 13824K, 0% used [0x00000000d5580000,0x00000000d5580000,0x00000000d6300000)
  from space 1024K, 55% used [0x00000000d6380000,0x00000000d640e0d8,0x00000000d6480000)
  to   space 1024K, 0% used [0x00000000d6480000,0x00000000d6480000,0x00000000d6580000)
 ParOldGen       total 538112K, used 137457K [0x0000000080000000, 0x00000000a0d80000, 0x00000000d5580000)
  object space 538112K, 25% used [0x0000000080000000,0x000000008863c5e0,0x00000000a0d80000)
 Metaspace       used 89963K, committed 91712K, reserved 1179648K
  class space    used 9129K, committed 9984K, reserved 1048576K
}
Event: 4589.427 GC heap before
{Heap before GC invocations=959 (full 5):
 PSYoungGen      total 14848K, used 14392K [0x00000000d5580000, 0x00000000d6580000, 0x0000000100000000)
  eden space 13824K, 100% used [0x00000000d5580000,0x00000000d6300000,0x00000000d6300000)
  from space 1024K, 55% used [0x00000000d6380000,0x00000000d640e0d8,0x00000000d6480000)
  to   space 1024K, 0% used [0x00000000d6480000,0x00000000d6480000,0x00000000d6580000)
 ParOldGen       total 538112K, used 137457K [0x0000000080000000, 0x00000000a0d80000, 0x00000000d5580000)
  object space 538112K, 25% used [0x0000000080000000,0x000000008863c5e0,0x00000000a0d80000)
 Metaspace       used 89964K, committed 91712K, reserved 1179648K
  class space    used 9129K, committed 9984K, reserved 1048576K
}
Event: 4589.429 GC heap after
{Heap after GC invocations=959 (full 5):
 PSYoungGen      total 14336K, used 384K [0x00000000d5580000, 0x00000000d6500000, 0x0000000100000000)
  eden space 13824K, 0% used [0x00000000d5580000,0x00000000d5580000,0x00000000d6300000)
  from space 512K, 75% used [0x00000000d6480000,0x00000000d64e0000,0x00000000d6500000)
  to   space 512K, 0% used [0x00000000d6400000,0x00000000d6400000,0x00000000d6480000)
 ParOldGen       total 538112K, used 137722K [0x0000000080000000, 0x00000000a0d80000, 0x00000000d5580000)
  object space 538112K, 25% used [0x0000000080000000,0x000000008867e948,0x00000000a0d80000)
 Metaspace       used 89964K, committed 91712K, reserved 1179648K
  class space    used 9129K, committed 9984K, reserved 1048576K
}
Event: 4590.070 GC heap before
{Heap before GC invocations=960 (full 5):
 PSYoungGen      total 14336K, used 14208K [0x00000000d5580000, 0x00000000d6500000, 0x0000000100000000)
  eden space 13824K, 100% used [0x00000000d5580000,0x00000000d6300000,0x00000000d6300000)
  from space 512K, 75% used [0x00000000d6480000,0x00000000d64e0000,0x00000000d6500000)
  to   space 512K, 0% used [0x00000000d6400000,0x00000000d6400000,0x00000000d6480000)
 ParOldGen       total 538112K, used 137722K [0x0000000080000000, 0x00000000a0d80000, 0x00000000d5580000)
  object space 538112K, 25% used [0x0000000080000000,0x000000008867e948,0x00000000a0d80000)
 Metaspace       used 89980K, committed 91712K, reserved 1179648K
  class space    used 9131K, committed 9984K, reserved 1048576K
}
Event: 4590.076 GC heap after
{Heap after GC invocations=960 (full 5):
 PSYoungGen      total 14336K, used 512K [0x00000000d5580000, 0x00000000d6700000, 0x0000000100000000)
  eden space 13824K, 0% used [0x00000000d5580000,0x00000000d5580000,0x00000000d6300000)
  from space 512K, 100% used [0x00000000d6400000,0x00000000d6480000,0x00000000d6480000)
  to   space 2048K, 0% used [0x00000000d6500000,0x00000000d6500000,0x00000000d6700000)
 ParOldGen       total 538112K, used 138909K [0x0000000080000000, 0x00000000a0d80000, 0x00000000d5580000)
  object space 538112K, 25% used [0x0000000080000000,0x00000000887a76f8,0x00000000a0d80000)
 Metaspace       used 89980K, committed 91712K, reserved 1179648K
  class space    used 9131K, committed 9984K, reserved 1048576K
}

