# JRE version: OpenJDK Runtime Environment Temurin-21.0.8+9 (21.0.8+9) (build 21.0.8+9-LTS)
# Java VM: OpenJDK 64-Bit Server VM Temurin-21.0.8+9 (21.0.8+9-LTS, mixed mode, sharing, tiered, compressed oops, compressed class ptrs, parallel gc, windows-amd64)
GC Precious Log:
 CardTable entry size: 512
 CPUs: 16 total, 16 available
 Memory: 5989M
 Large Page Support: Disabled
 NUMA Support: Disabled
 Compressed Oops: Enabled (32-bit)
 Alignments: Space 512K, Generation 512K, Heap 2M
 Heap Min Capacity: 100M
 Heap Initial Capacity: 100M
 Heap Max Capacity: 2G
 Pre-touch: Disabled
 Parallel Workers: 13
Heap:
 PSYoungGen      total 3584K, used 2599K [0x00000000d5580000, 0x00000000d5a00000, 0x0000000100000000)
  eden space 2560K, 73% used [0x00000000d5580000,0x00000000d5755408,0x00000000d5800000)
  from space 1024K, 70% used [0x00000000d5800000,0x00000000d58b4b28,0x00000000d5900000)
  to   space 1024K, 0% used [0x00000000d5900000,0x00000000d5900000,0x00000000d5a00000)
 ParOldGen       total 224256K, used 223809K [0x0000000080000000, 0x000000008db00000, 0x00000000d5580000)
  object space 224256K, 99% used [0x0000000080000000,0x000000008da90410,0x000000008db00000)
 Metaspace       used 75550K, committed 77120K, reserved 1179648K
  class space    used 7800K, committed 8448K, reserved 1048576K
GC Heap History (20 events):
Event: 119.611 GC heap before
{Heap before GC invocations=361 (full 3):
 PSYoungGen      total 3584K, used 3570K [0x00000000d5580000, 0x00000000d5c00000, 0x0000000100000000)
  eden space 2560K, 100% used [0x00000000d5580000,0x00000000d5800000,0x00000000d5800000)
  from space 1024K, 98% used [0x00000000d5880000,0x00000000d597cb28,0x00000000d5980000)
  to   space 2048K, 0% used [0x00000000d5a00000,0x00000000d5a00000,0x00000000d5c00000)
 ParOldGen       total 217600K, used 217529K [0x0000000080000000, 0x000000008d480000, 0x00000000d5580000)
  object space 217600K, 99% used [0x0000000080000000,0x000000008d46e460,0x000000008d480000)
 Metaspace       used 75454K, committed 76992K, reserved 1179648K
  class space    used 7800K, committed 8448K, reserved 1048576K
}
Event: 119.615 GC heap after
{Heap after GC invocations=361 (full 3):
 PSYoungGen      total 3584K, used 624K [0x00000000d5580000, 0x00000000d5b00000, 0x0000000100000000)
  eden space 2560K, 0% used [0x00000000d5580000,0x00000000d5580000,0x00000000d5800000)
  from space 1024K, 60% used [0x00000000d5a00000,0x00000000d5a9c010,0x00000000d5b00000)
  to   space 1024K, 0% used [0x00000000d5880000,0x00000000d5880000,0x00000000d5980000)
 ParOldGen       total 218624K, used 218382K [0x0000000080000000, 0x000000008d580000, 0x00000000d5580000)
  object space 218624K, 99% used [0x0000000080000000,0x000000008d543990,0x000000008d580000)
 Metaspace       used 75454K, committed 76992K, reserved 1179648K
  class space    used 7800K, committed 8448K, reserved 1048576K
}
Event: 119.637 GC heap before
{Heap before GC invocations=362 (full 3):
 PSYoungGen      total 3584K, used 3184K [0x00000000d5580000, 0x00000000d5b00000, 0x0000000100000000)
  eden space 2560K, 100% used [0x00000000d5580000,0x00000000d5800000,0x00000000d5800000)
  from space 1024K, 60% used [0x00000000d5a00000,0x00000000d5a9c010,0x00000000d5b00000)
  to   space 1024K, 0% used [0x00000000d5880000,0x00000000d5880000,0x00000000d5980000)
 ParOldGen       total 218624K, used 218382K [0x0000000080000000, 0x000000008d580000, 0x00000000d5580000)
  object space 218624K, 99% used [0x0000000080000000,0x000000008d543990,0x000000008d580000)
 Metaspace       used 75463K, committed 77056K, reserved 1179648K
  class space    used 7800K, committed 8448K, reserved 1048576K
}
Event: 119.639 GC heap after
{Heap after GC invocations=362 (full 3):
 PSYoungGen      total 3584K, used 832K [0x00000000d5580000, 0x00000000d5a80000, 0x0000000100000000)
  eden space 2560K, 0% used [0x00000000d5580000,0x00000000d5580000,0x00000000d5800000)
  from space 1024K, 81% used [0x00000000d5880000,0x00000000d5950000,0x00000000d5980000)
  to   space 1024K, 0% used [0x00000000d5980000,0x00000000d5980000,0x00000000d5a80000)
 ParOldGen       total 219136K, used 218868K [0x0000000080000000, 0x000000008d600000, 0x00000000d5580000)
  object space 219136K, 99% used [0x0000000080000000,0x000000008d5bd080,0x000000008d600000)
 Metaspace       used 75463K, committed 77056K, reserved 1179648K
  class space    used 7800K, committed 8448K, reserved 1048576K
}
Event: 119.654 GC heap before
{Heap before GC invocations=363 (full 3):
 PSYoungGen      total 3584K, used 3392K [0x00000000d5580000, 0x00000000d5a80000, 0x0000000100000000)
  eden space 2560K, 100% used [0x00000000d5580000,0x00000000d5800000,0x00000000d5800000)
  from space 1024K, 81% used [0x00000000d5880000,0x00000000d5950000,0x00000000d5980000)
  to   space 1024K, 0% used [0x00000000d5980000,0x00000000d5980000,0x00000000d5a80000)
 ParOldGen       total 219136K, used 218868K [0x0000000080000000, 0x000000008d600000, 0x00000000d5580000)
  object space 219136K, 99% used [0x0000000080000000,0x000000008d5bd080,0x000000008d600000)
 Metaspace       used 75470K, committed 77056K, reserved 1179648K
  class space    used 7800K, committed 8448K, reserved 1048576K
}
Event: 119.657 GC heap after
{Heap after GC invocations=363 (full 3):
 PSYoungGen      total 3584K, used 640K [0x00000000d5580000, 0x00000000d5a80000, 0x0000000100000000)
  eden space 2560K, 0% used [0x00000000d5580000,0x00000000d5580000,0x00000000d5800000)
  from space 1024K, 62% used [0x00000000d5980000,0x00000000d5a20000,0x00000000d5a80000)
  to   space 1024K, 0% used [0x00000000d5880000,0x00000000d5880000,0x00000000d5980000)
 ParOldGen       total 219648K, used 219576K [0x0000000080000000, 0x000000008d680000, 0x00000000d5580000)
  object space 219648K, 99% used [0x0000000080000000,0x000000008d66e0b0,0x000000008d680000)
 Metaspace       used 75470K, committed 77056K, reserved 1179648K
  class space    used 7800K, committed 8448K, reserved 1048576K
}
Event: 120.910 GC heap before
{Heap before GC invocations=364 (full 3):
 PSYoungGen      total 3584K, used 3200K [0x00000000d5580000, 0x00000000d5a80000, 0x0000000100000000)
  eden space 2560K, 100% used [0x00000000d5580000,0x00000000d5800000,0x00000000d5800000)
  from space 1024K, 62% used [0x00000000d5980000,0x00000000d5a20000,0x00000000d5a80000)
  to   space 1024K, 0% used [0x00000000d5880000,0x00000000d5880000,0x00000000d5980000)
 ParOldGen       total 219648K, used 219576K [0x0000000080000000, 0x000000008d680000, 0x00000000d5580000)
  object space 219648K, 99% used [0x0000000080000000,0x000000008d66e0b0,0x000000008d680000)
 Metaspace       used 75483K, committed 77056K, reserved 1179648K
  class space    used 7800K, committed 8448K, reserved 1048576K
}
Event: 120.912 GC heap after
{Heap after GC invocations=364 (full 3):
 PSYoungGen      total 3584K, used 416K [0x00000000d5580000, 0x00000000d5a00000, 0x0000000100000000)
  eden space 2560K, 0% used [0x00000000d5580000,0x00000000d5580000,0x00000000d5800000)
  from space 1024K, 40% used [0x00000000d5880000,0x00000000d58e8000,0x00000000d5980000)
  to   space 512K, 0% used [0x00000000d5980000,0x00000000d5980000,0x00000000d5a00000)
 ParOldGen       total 220160K, used 220037K [0x0000000080000000, 0x000000008d700000, 0x00000000d5580000)
  object space 220160K, 99% used [0x0000000080000000,0x000000008d6e15e0,0x000000008d700000)
 Metaspace       used 75483K, committed 77056K, reserved 1179648K
  class space    used 7800K, committed 8448K, reserved 1048576K
}
Event: 120.923 GC heap before
{Heap before GC invocations=365 (full 3):
 PSYoungGen      total 3584K, used 2976K [0x00000000d5580000, 0x00000000d5a00000, 0x0000000100000000)
  eden space 2560K, 100% used [0x00000000d5580000,0x00000000d5800000,0x00000000d5800000)
  from space 1024K, 40% used [0x00000000d5880000,0x00000000d58e8000,0x00000000d5980000)
  to   space 512K, 0% used [0x00000000d5980000,0x00000000d5980000,0x00000000d5a00000)
 ParOldGen       total 220160K, used 220037K [0x0000000080000000, 0x000000008d700000, 0x00000000d5580000)
  object space 220160K, 99% used [0x0000000080000000,0x000000008d6e15e0,0x000000008d700000)
 Metaspace       used 75491K, committed 77056K, reserved 1179648K
  class space    used 7800K, committed 8448K, reserved 1048576K
}
Event: 120.925 GC heap after
{Heap after GC invocations=365 (full 3):
 PSYoungGen      total 3072K, used 512K [0x00000000d5580000, 0x00000000d5a00000, 0x0000000100000000)
  eden space 2560K, 0% used [0x00000000d5580000,0x00000000d5580000,0x00000000d5800000)
  from space 512K, 100% used [0x00000000d5980000,0x00000000d5a00000,0x00000000d5a00000)
  to   space 1024K, 0% used [0x00000000d5800000,0x00000000d5800000,0x00000000d5900000)
 ParOldGen       total 220672K, used 220407K [0x0000000080000000, 0x000000008d780000, 0x00000000d5580000)
  object space 220672K, 99% used [0x0000000080000000,0x000000008d73df00,0x000000008d780000)
 Metaspace       used 75491K, committed 77056K, reserved 1179648K
  class space    used 7800K, committed 8448K, reserved 1048576K
}
Event: 120.946 GC heap before
{Heap before GC invocations=366 (full 3):
 PSYoungGen      total 3072K, used 3072K [0x00000000d5580000, 0x00000000d5a00000, 0x0000000100000000)
  eden space 2560K, 100% used [0x00000000d5580000,0x00000000d5800000,0x00000000d5800000)
  from space 512K, 100% used [0x00000000d5980000,0x00000000d5a00000,0x00000000d5a00000)
  to   space 1024K, 0% used [0x00000000d5800000,0x00000000d5800000,0x00000000d5900000)
 ParOldGen       total 220672K, used 220407K [0x0000000080000000, 0x000000008d780000, 0x00000000d5580000)
  object space 220672K, 99% used [0x0000000080000000,0x000000008d73df00,0x000000008d780000)
 Metaspace       used 75500K, committed 77056K, reserved 1179648K
  class space    used 7800K, committed 8448K, reserved 1048576K
}
Event: 120.949 GC heap after
{Heap after GC invocations=366 (full 3):
 PSYoungGen      total 3584K, used 994K [0x00000000d5580000, 0x00000000d5b00000, 0x0000000100000000)
  eden space 2560K, 0% used [0x00000000d5580000,0x00000000d5580000,0x00000000d5800000)
  from space 1024K, 97% used [0x00000000d5800000,0x00000000d58f8b38,0x00000000d5900000)
  to   space 1536K, 0% used [0x00000000d5980000,0x00000000d5980000,0x00000000d5b00000)
 ParOldGen       total 221184K, used 220973K [0x0000000080000000, 0x000000008d800000, 0x00000000d5580000)
  object space 221184K, 99% used [0x0000000080000000,0x000000008d7cb600,0x000000008d800000)
 Metaspace       used 75500K, committed 77056K, reserved 1179648K
  class space    used 7800K, committed 8448K, reserved 1048576K
}
Event: 120.964 GC heap before
{Heap before GC invocations=367 (full 3):
 PSYoungGen      total 3584K, used 3554K [0x00000000d5580000, 0x00000000d5b00000, 0x0000000100000000)
  eden space 2560K, 100% used [0x00000000d5580000,0x00000000d5800000,0x00000000d5800000)
  from space 1024K, 97% used [0x00000000d5800000,0x00000000d58f8b38,0x00000000d5900000)
  to   space 1536K, 0% used [0x00000000d5980000,0x00000000d5980000,0x00000000d5b00000)
 ParOldGen       total 221184K, used 220973K [0x0000000080000000, 0x000000008d800000, 0x00000000d5580000)
  object space 221184K, 99% used [0x0000000080000000,0x000000008d7cb600,0x000000008d800000)
 Metaspace       used 75524K, committed 77056K, reserved 1179648K
  class space    used 7800K, committed 8448K, reserved 1048576K
}
Event: 120.967 GC heap after
{Heap after GC invocations=367 (full 3):
 PSYoungGen      total 3584K, used 864K [0x00000000d5580000, 0x00000000d5a80000, 0x0000000100000000)
  eden space 2560K, 0% used [0x00000000d5580000,0x00000000d5580000,0x00000000d5800000)
  from space 1024K, 84% used [0x00000000d5980000,0x00000000d5a58000,0x00000000d5a80000)
  to   space 1024K, 0% used [0x00000000d5800000,0x00000000d5800000,0x00000000d5900000)
 ParOldGen       total 222208K, used 221824K [0x0000000080000000, 0x000000008d900000, 0x00000000d5580000)
  object space 222208K, 99% used [0x0000000080000000,0x000000008d8a0128,0x000000008d900000)
 Metaspace       used 75524K, committed 77056K, reserved 1179648K
  class space    used 7800K, committed 8448K, reserved 1048576K
}
Event: 121.259 GC heap before
{Heap before GC invocations=368 (full 3):
 PSYoungGen      total 3584K, used 3424K [0x00000000d5580000, 0x00000000d5a80000, 0x0000000100000000)
  eden space 2560K, 100% used [0x00000000d5580000,0x00000000d5800000,0x00000000d5800000)
  from space 1024K, 84% used [0x00000000d5980000,0x00000000d5a58000,0x00000000d5a80000)
  to   space 1024K, 0% used [0x00000000d5800000,0x00000000d5800000,0x00000000d5900000)
 ParOldGen       total 222208K, used 221824K [0x0000000080000000, 0x000000008d900000, 0x00000000d5580000)
  object space 222208K, 99% used [0x0000000080000000,0x000000008d8a0128,0x000000008d900000)
 Metaspace       used 75534K, committed 77056K, reserved 1179648K
  class space    used 7800K, committed 8448K, reserved 1048576K
}
Event: 121.261 GC heap after
{Heap after GC invocations=368 (full 3):
 PSYoungGen      total 3584K, used 544K [0x00000000d5580000, 0x00000000d5a00000, 0x0000000100000000)
  eden space 2560K, 0% used [0x00000000d5580000,0x00000000d5580000,0x00000000d5800000)
  from space 1024K, 53% used [0x00000000d5800000,0x00000000d5888000,0x00000000d5900000)
  to   space 1024K, 0% used [0x00000000d5900000,0x00000000d5900000,0x00000000d5a00000)
 ParOldGen       total 222720K, used 222552K [0x0000000080000000, 0x000000008d980000, 0x00000000d5580000)
  object space 222720K, 99% used [0x0000000080000000,0x000000008d956148,0x000000008d980000)
 Metaspace       used 75534K, committed 77056K, reserved 1179648K
  class space    used 7800K, committed 8448K, reserved 1048576K
}
Event: 121.271 GC heap before
{Heap before GC invocations=369 (full 3):
 PSYoungGen      total 3584K, used 3104K [0x00000000d5580000, 0x00000000d5a00000, 0x0000000100000000)
  eden space 2560K, 100% used [0x00000000d5580000,0x00000000d5800000,0x00000000d5800000)
  from space 1024K, 53% used [0x00000000d5800000,0x00000000d5888000,0x00000000d5900000)
  to   space 1024K, 0% used [0x00000000d5900000,0x00000000d5900000,0x00000000d5a00000)
 ParOldGen       total 222720K, used 222552K [0x0000000080000000, 0x000000008d980000, 0x00000000d5580000)
  object space 222720K, 99% used [0x0000000080000000,0x000000008d956148,0x000000008d980000)
 Metaspace       used 75534K, committed 77056K, reserved 1179648K
  class space    used 7800K, committed 8448K, reserved 1048576K
}
Event: 121.273 GC heap after
{Heap after GC invocations=369 (full 3):
 PSYoungGen      total 3584K, used 928K [0x00000000d5580000, 0x00000000d5a00000, 0x0000000100000000)
  eden space 2560K, 0% used [0x00000000d5580000,0x00000000d5580000,0x00000000d5800000)
  from space 1024K, 90% used [0x00000000d5900000,0x00000000d59e8000,0x00000000d5a00000)
  to   space 1024K, 0% used [0x00000000d5800000,0x00000000d5800000,0x00000000d5900000)
 ParOldGen       total 223232K, used 222968K [0x0000000080000000, 0x000000008da00000, 0x00000000d5580000)
  object space 223232K, 99% used [0x0000000080000000,0x000000008d9be3f0,0x000000008da00000)
 Metaspace       used 75534K, committed 77056K, reserved 1179648K
  class space    used 7800K, committed 8448K, reserved 1048576K
}
Event: 121.288 GC heap before
{Heap before GC invocations=370 (full 3):
 PSYoungGen      total 3584K, used 3488K [0x00000000d5580000, 0x00000000d5a00000, 0x0000000100000000)
  eden space 2560K, 100% used [0x00000000d5580000,0x00000000d5800000,0x00000000d5800000)
  from space 1024K, 90% used [0x00000000d5900000,0x00000000d59e8000,0x00000000d5a00000)
  to   space 1024K, 0% used [0x00000000d5800000,0x00000000d5800000,0x00000000d5900000)
 ParOldGen       total 223232K, used 222968K [0x0000000080000000, 0x000000008da00000, 0x00000000d5580000)
  object space 223232K, 99% used [0x0000000080000000,0x000000008d9be3f0,0x000000008da00000)
 Metaspace       used 75537K, committed 77056K, reserved 1179648K
  class space    used 7800K, committed 8448K, reserved 1048576K
}
Event: 121.290 GC heap after
{Heap after GC invocations=370 (full 3):
 PSYoungGen      total 3584K, used 722K [0x00000000d5580000, 0x00000000d5a00000, 0x0000000100000000)
  eden space 2560K, 0% used [0x00000000d5580000,0x00000000d5580000,0x00000000d5800000)
  from space 1024K, 70% used [0x00000000d5800000,0x00000000d58b4b28,0x00000000d5900000)
  to   space 1024K, 0% used [0x00000000d5900000,0x00000000d5900000,0x00000000d5a00000)
 ParOldGen       total 224256K, used 223809K [0x0000000080000000, 0x000000008db00000, 0x00000000d5580000)
  object space 224256K, 99% used [0x0000000080000000,0x000000008da90410,0x000000008db00000)
 Metaspace       used 75537K, committed 77056K, reserved 1179648K
  class space    used 7800K, committed 8448K, reserved 1048576K
}

